2.6419010170652330771190e+02 3.4409671933265254320511e-03 3.8231920157867381460104e-02 2.2958658464660763875997e-01 9.6837597325656010749384e-01 3.5547215526606432134393e-03 1.5095812479505895178922e-02 2.4955580006528567393875e-02 1.1402473288653081073818e+00 2.3524773493361201409657e-02 -3.1282910087075475047413e+00 1.7267993935047509790337e-01 1.4817742817566334490031e-01 1.4695038161746238475347e-02 2.8110812617658581177849e-03 -2.3992980816654952552769e-02 1.5026356124138851369509e-02 1.0522878368978617891205e-01 6.8160321695152659149386e-01 2.0643812679276341004453e-02 1.0819067686823119478490e-01 1.6593137263949953030817e-01 5.5196183191878700480260e-01 1.2929430409481151853512e-01 -6.0630027092378703176823e-04 5.4951272416982098814597e-03 6.5402628588976452483905e-01 -4.8882667571406063222739e-01 1.7680622461670667533440e+00 4.6619644170865729006459e-07 2.9098792034482351409608e-01 -1.2723980508153806545657e-02 -2.9717483672521409487910e-02 3.7001259788800467537273e-03 -1.4570549756570566959923e-02 4.7088745144557728194989e-02 -1.0125583102213132555280e-03 7.9956995340969519436847e-02 6.5386346936413430874779e-02 1.8500558414150228281336e-01 3.7885542780849933673648e-03 3.3619333911762052519157e-04 1.6440483515508821921181e-02 -9.1138744438915460233108e-03 2.2839780087940776687194e-02 1.6675696897678901620132e-01 -6.2497622232287088073210e-02 7.6370569257740661406331e-02 2.3497150875548888926403e-01 1.9972766469766901897831e-03 9.7155851731404625770683e-03 -1.7796551276181933522874e-03 -1.7495096178966650438125e-03 4.4944386370044872580642e-04 2.4931156134172386198977e-03 9.2376389571789099732640e-04 4.1049254109873062335012e-02 2.0070479842165800388187e-01 5.7735026918962579220533e+06 -3.3183309833291234162685e-11 -6.6034652438614071464087e-10 5.7735026918962579220533e+06 -6.6034652395859173552752e-10 -2.0809188608084323080530e-20 2.0809188597493068574424e-20 -3.9089251479925384873231e-12 4.9664045849581046605890e-05 3.4409651560240914723587e-03 3.2246410784413107042390e-02 4.5052525007757555641774e+00 6.4261829756649802014579e-01 -2.0547472775025821256634e+00 6.5745722997000628495812e+00 2.8704806815537686238982e-03 2.7531687945385779209273e-02 3.1367960715627307699549e+00 2.3427911070282436689638e-01 -6.5992201789822835245047e-01 2.9499064256999845134999e+00 3.7821791503659864253084e-02 -1.9314113211457792362857e-01 2.7293994786368984684088e+00 9.0061096092167256671468e-03 2.6246446435957120085379e-05 1.0401107596937383958924e-01  
1 1 1 1 2.7984242297046648673131e+00 
1 1 1 2 -1.8324822348288355433610e-01 
1 1 2 2  1 
1 1 1 3 1.8049101001301286997976e-04 
1 1 3 3  1 
1 1 1 4 1.0644894701806830220568e-04 
1 1 4 4  1 
1 1 1 5 -2.0986439408368634529367e-01 
1 1 5 5  1 
1 1 1 6 -3.9085849117337714830889e-02 
1 1 6 6  1 
1 1 1 7 4.5419952860700822661055e-02 
1 1 7 7  1 
1 1 1 8 -1.1746281527830390589706e-01 
1 1 8 8  1 
1 1 1 9 -4.6785137920466381145079e-02 
1 1 9 9  1 
1 1 1 10 -2.7965791582094863022834e-03 
1 1 10 10  1 
1 1 1 11 1.8167391552533138782133e-02 
1 1 11 11  1 
1 1 1 12 -1.1744309443875807288937e-02 
1 1 12 12  1 
1 1 1 13 -3.0868400177823415546363e-03 
1 1 13 13  1 
1 1 1 14 1.0583469817117911390691e-02 
1 1 14 14  1 
1 1 1 15 -4.0859997949616116974525e-02 
1 1 15 15  1 
1 1 1 16 2.6908080534034449493586e-02 
1 1 16 16  1 
1 1 1 17 -5.2334274639237975124129e-02 
1 1 17 17  1 
1 1 1 18 -1.6640006429920506381137e-01 
1 1 18 18  1 
1 1 1 19 -3.2472556006387223725973e-02 
1 1 19 19  1 
1 1 1 20 -9.3818774890351546574818e-03 
1 1 20 20  1 
1 1 1 21 -1.1606946070348231076635e-03 
1 1 21 21  1 
1 1 1 22 -6.9175670747224984880042e-03 
1 1 22 22  1 
1 1 1 23 1.4444256057200580145583e-01 
1 1 23 23  1 
1 1 1 24 -6.0940988990955256843218e-02 
1 1 24 24  1 
1 1 1 25 7.5128210699924383164650e-03 
1 1 25 25  1 
1 1 1 26 2.1511923643175401288374e-01 
1 1 26 26  1 
1 1 1 27 5.8248716437680363167129e-02 
1 1 27 27  1 
1 1 1 28 2.7837531835006219110840e-02 
1 1 28 28  1 
1 1 1 29 -1.0514693710305287113749e-02 
1 1 29 29  1 
1 1 1 30 5.5558035023572836796912e-02 
1 1 30 30  1 
1 1 1 31 7.4229795886876235103125e-03 
1 1 31 31  1 
1 1 1 32 1.7210349848947585627013e-02 
1 1 32 32  1 
1 1 1 33 -7.8123502023058066789929e-02 
1 1 33 33  1 
1 1 1 34 -7.5196073364279372719388e-02 
1 1 34 34  1 
1 1 1 35 -2.5015288400810731933577e-02 
1 1 35 35  1 
1 1 1 36 1.7680816010448735520200e-01 
1 1 36 36  1 
1 1 1 37 2.8639111864702627291424e-02 
1 1 37 37  1 
1 1 1 38 9.8223039766801561317733e-03 
1 1 38 38  1 
1 1 1 39 2.6859419197258718736698e-02 
1 1 39 39  1 
1 1 1 40 -2.7595966686984444576902e-02 
1 1 40 40  1 
1 1 1 41 -4.6665271629169016720518e-02 
1 1 41 41  1 
1 1 1 42 1.8016216056554987257066e-01 
1 1 42 42  1 
1 1 1 43 -4.2578703182387989123470e-01 
1 1 43 43  1 
1 1 1 44 4.9211188303314978842451e-01 
1 1 44 44  1 
1 1 1 45 -8.1677505723523768921268e-01 
1 1 45 45  1 
1 1 1 46 2.6696353289233115679835e-01 
1 1 46 46  1 
1 1 1 47 -6.4553591142653021783815e-02 
1 1 47 47  1 
1 1 1 48 1.6170746342259922911921e-01 
1 1 48 48  1 
1 1 1 49 -3.8408300607204237664405e-02 
1 1 49 49  1 
1 1 1 50 2.5838217835060955929194e-01 
1 1 50 50  1 
1 1 1 51 2.0378514586097135063980e-01 
1 1 51 51  1 
1 1 1 52 3.7154714538714328497804e-01 
1 1 52 52  1 
1 1 1 53 -7.4854822333786996679805e-01 
1 1 53 53  1 
1 1 1 54 6.6408612304914438340120e-01 
1 1 54 54  1 
1 1 1 55 2.0266640982081271515902e-01 
1 1 55 55  1 
1 1 1 56 -8.2043787062288417444300e-02 
1 1 56 56  1 
1 1 1 57 -1.3292403481694489708609e-01 
1 1 57 57  1 
1 1 1 58 2.2581220395329511252402e-02 
1 1 58 58  1 
1 2 1 1 5.7735026918962579220533e+06 
1 2 1 2 -3.3183309833291234162685e-11 
1 2 2 2 5.7735026918962579220533e+06 
1 2 1 3 -6.6034652438614071464087e-10 
1 2 2 3 -6.6034652395859173552752e-10 
1 2 3 3 2.0373024339596923493190e-09 
1 2 2 4 3.9089251479925384873231e-12 
1 2 3 4 2.0809188597493068574424e-20 
1 2 4 4 4.9664045849581046605890e-05 
1 2 1 5 -3.9089251479925384873231e-12 
1 2 3 5 2.0809188608084323080530e-20 
1 2 5 5 4.9664045849581046605890e-05 
1 2 1 6 -2.0809188597493068574424e-20 
1 2 2 6 -2.0809188608084323080530e-20 
1 2 6 6 4.9664045849581046605890e-05 
1 3 1 1 1.9849100302155756742062e-02 
1 3 1 2 3.5547215526606432134393e-03 
1 3 2 2 3.4409651560240914723587e-03 
1 3 1 3 1.5095812479505895178922e-02 
1 3 2 3 2.4955580006528567393875e-02 
1 3 3 3 1.8827949075487943053631e-01 
1 3 2 4 -3.2246410784413107042390e-02 
1 3 3 4 -2.8671771511430904633144e-01 
1 3 4 4 4.5052525007757555641774e+00 
1 3 1 5 3.2246410784413107042390e-02 
1 3 3 5 -2.3524773493361201409657e-02 
1 3 5 5 4.5052525007757555641774e+00 
1 3 1 6 2.8671771511430904633144e-01 
1 3 2 6 2.3524773493361201409657e-02 
1 3 6 6 4.5052525007757555641774e+00 
1 4 1 1 6.7579267330876424679786e-01 
1 4 1 2 5.3971700627153125062047e-04 
1 4 2 2 6.4261829756649802014579e-01 
1 4 1 3 -2.3992980816654952552769e-02 
1 4 2 3 1.5026356124138851369509e-02 
1 4 3 3 2.2830823517396500732524e-03 
1 4 2 4 2.0547472775025821256634e+00 
1 4 3 4 4.8175500624662123683173e-02 
1 4 4 4 6.5745722997000628495812e+00 
1 4 1 5 -2.0547472775025821256634e+00 
1 4 3 5 5.4306109827664948708215e-02 
1 4 5 5 6.5745722997000628495812e+00 
1 4 1 6 -4.8175500624662123683173e-02 
1 4 2 6 -5.4306109827664948708215e-02 
1 4 6 6 6.5745722997000628495812e+00 
1 5 1 1 1.3951224192525901388051e-02 
1 5 1 2 5.2238863531313785900506e-04 
1 5 2 2 2.8704806815537686238982e-03 
1 5 1 3 -6.0630027092378703176823e-04 
1 5 2 3 5.4951272416982098814597e-03 
1 5 3 3 3.4419795087530700994360e-02 
1 5 2 4 -2.7531687945385779209273e-02 
1 5 3 4 2.0719054362769273591738e-01 
1 5 4 4 3.1367960715627307699549e+00 
1 5 1 5 2.7531687945385779209273e-02 
1 5 3 5 1.1703024838794410036891e-02 
1 5 5 5 3.1367960715627307699549e+00 
1 5 1 6 -2.0719054362769273591738e-01 
1 5 2 6 -1.1703024838794410036891e-02 
1 5 6 6 3.1367960715627307699549e+00 
1 6 1 1 1.8292787691870385224924e-01 
1 6 1 2 -2.9717483672521409487910e-02 
1 6 2 2 2.3427911070282436689638e-01 
1 6 1 3 3.7001259788800467537273e-03 
1 6 2 3 -1.4570549756570566959923e-02 
1 6 3 3 8.4614918685910322365684e-03 
1 6 2 4 6.5992201789822835245047e-01 
1 6 3 4 -1.1318413677360840419173e-01 
1 6 4 4 2.9499064256999845134999e+00 
1 6 1 5 -6.5992201789822835245047e-01 
1 6 3 5 1.0125583102213132555280e-03 
1 6 5 5 2.9499064256999845134999e+00 
1 6 1 6 1.1318413677360840419173e-01 
1 6 2 6 -1.0125583102213132555280e-03 
1 6 6 6 2.9499064256999845134999e+00 
1 7 1 1 3.3409697944834962357596e-02 
1 7 1 2 3.3388365183125627653343e-04 
1 7 2 2 3.7821791503659864253084e-02 
1 7 1 3 1.6440483515508821921181e-02 
1 7 2 3 -9.1138744438915460233108e-03 
1 7 3 3 1.3028208706417219314710e-02 
1 7 2 4 1.9314113211457792362857e-01 
1 7 3 4 -6.2471375785851129824877e-02 
1 7 4 4 2.7293994786368984684088e+00 
1 7 1 5 -1.9314113211457792362857e-01 
1 7 3 5 -1.5760399429148411187818e-01 
1 7 5 5 2.7293994786368984684088e+00 
1 7 1 6 6.2471375785851129824877e-02 
1 7 2 6 1.5760399429148411187818e-01 
1 7 6 6 2.7293994786368984684088e+00 
1 8 1 1 1.1003386256193415856930e-02 
1 8 1 2 9.7155851731404625770683e-03 
1 8 2 2 9.0061096092167256671468e-03 
1 8 1 3 -1.7796551276181933522874e-03 
1 8 2 3 -1.7495096178966650438125e-03 
1 8 3 3 4.4944386370044872580642e-04 
1 8 2 4 -2.6246446435957120085379e-05 
1 8 3 4 9.2376389571789099732640e-04 
1 8 4 4 1.0401107596937383958924e-01 
1 8 1 5 2.6246446435957120085379e-05 
1 8 3 5 -2.4931156134172386198977e-03 
1 8 5 5 1.0401107596937383958924e-01 
1 8 1 6 -9.2376389571789099732640e-04 
1 8 2 6 2.4931156134172386198977e-03 
1 8 6 6 1.0401107596937383958924e-01 
1 9 1 1 3.8231920157867381460104e-02 
1 10 1 1 2.2958658464660763875997e-01 
1 11 1 1 1.7267993935047509790337e-01 
1 12 1 1 1.4817742817566334490031e-01 
1 13 1 1 1.0819067686823119478490e-01 
1 14 1 1 1.6593137263949953030817e-01 
1 15 1 1 4.6619644170865729006459e-07 
1 16 1 1 2.9098792034482351409608e-01 
1 17 1 1 6.5386346936413430874779e-02 
1 18 1 1 1.8500558414150228281336e-01 
1 19 1 1 7.6370569257740661406331e-02 
1 20 1 1 2.3497150875548888926403e-01 
1 21 1 1 4.1049254109873062335012e-02 
1 22 1 1 2.0070479842165800388187e-01 
1 23 1 1 4.9664045849581046605890e-05 
1 24 1 1 9.9999503359541499492025e+00 
1 25 1 1 4.5052525007757555641774e+00 
1 26 1 1 5.4947474992242444358226e+00 
1 27 1 1 6.5745722997000628495812e+00 
1 28 1 1 3.4254277002999371504188e+00 
1 29 1 1 3.1367960715627307699549e+00 
1 30 1 1 6.8632039284372687859559e+00 
1 31 1 1 2.9499064256999845134999e+00 
1 32 1 1 7.0500935743000159305893e+00 
1 33 1 1 2.7293994786368984684088e+00 
1 34 1 1 7.2706005213631019756804e+00 
1 35 1 1 1.0401107596937383958924e-01 
1 36 1 1 9.8959889240306253554991e+00 
1 37 1 1 1.2483609342611723391769e-05 
2 1 1 1 1.0000000001009778927141e+00 
2 1 1 2 1.8324809757409321608890e-01 
2 1 2 2 3.3579909830075499455049e-02 
2 1 1 3 -1.8037744770535261984445e-04 
2 1 2 3 -3.3053824122978413952139e-05 
2 1 3 3 7.7098218965260366654528e-08 
2 1 1 4 -1.0662475592812515039903e-04 
2 1 2 4 -1.9538783700266461080142e-05 
2 1 3 4 1.9232721301786263180908e-08 
2 1 4 4 5.5931015886804698862185e-08 
2 1 1 5 2.0986450191093342088067e-01 
2 1 2 5 3.8457270723528516609413e-02 
2 1 3 5 -3.7854823230893590389062e-05 
2 1 4 5 -2.2376751275274122055187e-05 
2 1 5 5 4.4043153728928238765938e-02 
2 1 1 6 3.9085613236173023798958e-02 
2 1 2 6 7.1623642680160295656555e-03 
2 1 3 6 -7.0501631307523098283682e-06 
2 1 4 6 -4.1674940130782375772461e-06 
2 1 5 6 8.2026827537185226929539e-03 
2 1 6 6 1.5277297243531360888130e-03 
2 1 1 7 -4.5419962659666864024377e-02 
2 1 2 7 -8.3231217492721384226817e-03 
2 1 3 7 8.1927369405359678166106e-06 
2 1 4 7 4.8428924311290937577902e-06 
2 1 5 7 -9.5320378403838390557468e-03 
2 1 6 7 -1.7752670937194699792711e-03 
2 1 7 7 2.0630175704201103407953e-03 
2 1 1 8 1.1746310760009071039178e-01 
2 1 2 8 2.1524891002894491059960e-02 
2 1 3 8 -2.1187695581640160800247e-05 
2 1 4 8 -1.2524475127026341229170e-05 
2 1 5 8 2.4651336569372288287649e-02 
2 1 6 8 4.5911175932450195430468e-03 
2 1 7 8 -5.3351699610822474889593e-03 
2 1 8 8 1.3797626210572842483937e-02 
2 1 1 9 4.6785072746317886427381e-02 
2 1 2 9 8.5732755756201158015006e-03 
2 1 3 9 -8.4389720052887348921951e-06 
2 1 4 9 -4.9884469741140698205526e-06 
2 1 5 9 9.8185259887800524492008e-03 
2 1 6 9 1.8286232585734351566847e-03 
2 1 7 9 -2.1249762571682404704854e-03 
2 1 8 9 5.4955200340979556278276e-03 
2 1 9 9 2.1888875943012024716250e-03 
2 1 1 10 2.7964544659390879605132e-03 
2 1 2 10 5.1244496082023622759993e-04 
2 1 3 10 -5.0441730503000072008711e-07 
2 1 4 10 -2.9817129681690966839741e-07 
2 1 5 10 5.8687652362441158123557e-04 
2 1 6 10 1.0930113765885564422898e-04 
2 1 7 10 -1.2701485742365215296165e-04 
2 1 8 10 3.2848023186782341611631e-04 
2 1 9 10 1.3083232561260859597857e-04 
2 1 10 10 7.8647197735230029298466e-06 
2 1 1 11 -1.8167358676814935464217e-02 
2 1 2 11 -3.3291339154685323231675e-03 
2 1 3 11 3.2769817859381627032499e-06 
2 1 4 11 1.9370901905540978696298e-06 
2 1 5 11 -3.8126836797508735152351e-03 
2 1 6 11 -7.1008235475709079176365e-04 
2 1 7 11 8.2516075272608482588793e-04 
2 1 8 11 -2.1339944070738752109062e-03 
2 1 9 11 -8.4996119730113288588680e-04 
2 1 10 11 -5.0804191302002928750780e-05 
2 1 11 11 3.3009748353221622738790e-04 
2 1 1 12 1.1744665063794146667164e-02 
2 1 2 12 2.1521875296300510375935e-03 
2 1 3 12 -2.1184727487464468908000e-06 
2 1 4 12 -1.2522719833635520165506e-06 
2 1 5 12 2.4647882836856837597550e-03 
2 1 6 12 4.5904743635573873068029e-04 
2 1 7 12 -5.3344224864435192678958e-04 
2 1 8 12 1.3795648560115819376143e-03 
2 1 9 12 5.4947500941394434876425e-04 
2 1 10 12 3.2843421112951981185885e-05 
2 1 11 12 -2.1336954276469962256228e-04 
2 1 12 12 1.3798171955625636807795e-04 
2 1 1 13 3.0867154846736253107076e-03 
2 1 2 13 5.6563474030327698556520e-04 
2 1 3 13 -5.5677384677575174036236e-07 
2 1 4 13 -3.2912030706694416399787e-07 
2 1 5 13 6.4779200774525084582239e-04 
2 1 6 13 1.2064616757469202065582e-04 
2 1 7 13 -1.4019850205612691194761e-04 
2 1 8 13 3.6257519314349936695105e-04 
2 1 9 13 1.4441220848953397219369e-04 
2 1 10 13 8.6318592866713983436343e-06 
2 1 11 13 -5.6077467339253991200979e-05 
2 1 12 13 3.6252439559006717397904e-05 
2 1 13 13 9.5723746769864419384243e-06 
2 1 1 14 -1.0583430548469901014141e-02 
2 1 2 14 -1.9393935138098269098383e-03 
2 1 3 14 1.9090121858403988836580e-06 
2 1 4 14 1.1284557060166974767196e-06 
2 1 5 14 -2.2210863805680303682821e-03 
2 1 6 14 -4.1365987312014555147416e-04 
2 1 7 14 4.8069902032309949927932e-04 
2 1 8 14 -1.2431626413045096263971e-03 
2 1 9 14 -4.9514656811322466881814e-04 
2 1 10 14 -2.9596081617331622691568e-05 
2 1 11 14 1.9227297880393127613684e-04 
2 1 12 14 -1.2429884703167804133397e-04 
2 1 13 14 -3.2668038950041481402811e-05 
2 1 14 14 1.1205356439217006327396e-04 
2 1 1 15 4.0859942945466250219244e-02 
2 1 2 15 7.4875068117360435090979e-03 
2 1 3 15 -7.3702122156431971352329e-06 
2 1 4 15 -4.3566814534676592739703e-06 
2 1 5 15 8.5750515743655414402369e-03 
2 1 6 15 1.5970359268056163147553e-03 
2 1 7 15 -1.8558570828598761146694e-03 
2 1 8 15 4.7995358747530214929555e-03 
2 1 9 15 1.9116354031106180897531e-03 
2 1 10 15 1.1426296992101679140825e-04 
2 1 11 15 -7.4231723900270417133146e-04 
2 1 12 15 4.7988634443980453811798e-04 
2 1 13 15 1.2612301858580708614939e-04 
2 1 14 15 -4.3243836837565495382144e-04 
2 1 15 15 1.6695794998788870099060e-03 
2 1 1 16 -2.6908317218437543399956e-02 
2 1 2 16 -4.9308979392288917673048e-03 
2 1 3 16 4.8536536087862821168865e-06 
2 1 4 16 2.8690927142413931891468e-06 
2 1 5 16 -5.6471005902834986792116e-03 
2 1 6 16 -1.0517280796919568474496e-03 
2 1 7 16 1.2221747632937243668166e-03 
2 1 8 16 -3.1607345606975605425970e-03 
2 1 9 16 -1.2589075785610923455260e-03 
2 1 10 16 -7.5247883885925923768204e-05 
2 1 11 16 4.8885305030469023996470e-04 
2 1 12 16 -3.1602917307671176848013e-04 
2 1 13 16 -8.3058319454141813051491e-05 
2 1 14 16 2.8478230646684568735591e-04 
2 1 15 16 -1.0994723063169984517140e-03 
2 1 16 16 7.2410209775272563279686e-04 
2 1 1 17 5.2334522369361508031815e-02 
2 1 2 17 9.5902016616656801661911e-03 
2 1 3 17 -9.4399675999969392801601e-06 
2 1 4 17 -5.5801556306950859736530e-06 
2 1 5 17 1.0983158469766425222036e-02 
2 1 6 17 2.0455269002872234450352e-03 
2 1 7 17 -2.3770320518256295681814e-03 
2 1 8 17 6.1473756321994690518529e-03 
2 1 9 17 2.4484744362106816879809e-03 
2 1 10 17 1.4635110883350006859629e-04 
2 1 11 17 -9.5078003907217618646125e-04 
2 1 12 17 6.1465143641372928587363e-04 
2 1 13 17 1.6154178061136568512503e-04 
2 1 14 17 -5.5387878279325507367009e-04 
2 1 15 17 2.1383855981039943082445e-03 
2 1 16 17 -1.4082339293316852284893e-03 
2 1 17 17 2.7389467940501233123030e-03 
2 1 1 18 1.6640005727891077347280e-01 
2 1 2 18 3.0492493932580709559144e-02 
2 1 3 18 -3.0014817629197424391852e-05 
2 1 4 18 -1.7742365495024383151550e-05 
2 1 5 18 3.4921465138793017501939e-02 
2 1 6 18 6.5038482812791193615753e-03 
2 1 7 18 -7.5578843881753459896244e-03 
2 1 8 18 1.9545867832817004350332e-02 
2 1 9 18 7.7850387847851251071907e-03 
2 1 10 18 4.6533018330929918227740e-04 
2 1 11 18 -3.0230495244285269552942e-03 
2 1 12 18 1.9543129393395928042332e-03 
2 1 13 18 5.1362963345255975913806e-04 
2 1 14 18 -1.7610834494726280465005e-03 
2 1 15 18 6.7990968465384852767452e-03 
2 1 16 18 -4.4775455264291176213365e-03 
2 1 17 18 8.7084675199285595248444e-03 
2 1 18 18 2.7689023627404923261208e-02 
2 1 1 19 3.2472433137572663530701e-02 
2 1 2 19 5.9505115960468190142163e-03 
2 1 3 19 -5.8572945961846312692045e-06 
2 1 4 19 -3.4623652792875927003923e-06 
2 1 5 19 6.8148110062663152033946e-03 
2 1 6 19 1.2692049624237378320502e-03 
2 1 7 19 -1.4748967005783575421468e-03 
2 1 8 19 3.8143129077114045627495e-03 
2 1 9 19 1.5192251465833475892325e-03 
2 1 10 19 9.0807680652165516355621e-05 
2 1 11 19 -5.8993833991516169378000e-04 
2 1 12 19 3.8137785105093682672464e-04 
2 1 13 19 1.0023316217547931813829e-04 
2 1 14 19 -3.4366974084652589628910e-04 
2 1 15 19 1.3268217652949467182805e-03 
2 1 16 19 -8.7377853174944706843991e-04 
2 1 17 19 1.6994292784564125724234e-03 
2 1 18 19 5.4034147340773445306050e-03 
2 1 19 19 1.0545034761727575117751e-03 
2 1 1 20 9.3818782027838051179591e-03 
2 1 2 20 1.7192113323321756707118e-03 
2 1 3 20 -1.6922792449816942128560e-06 
2 1 4 20 -1.0003404733937698855721e-06 
2 1 5 20 1.9689231960163086805615e-03 
2 1 6 20 3.6669646286306711597397e-04 
2 1 7 20 -4.2612455764800958495434e-04 
2 1 8 20 1.1020245688243654903077e-03 
2 1 9 20 4.3893185421440823572314e-04 
2 1 10 20 2.6235995199164090701865e-05 
2 1 11 20 -1.7044394637219447167717e-04 
2 1 12 20 1.1018701716076244247634e-04 
2 1 13 20 2.8959188723945249307676e-05 
2 1 14 20 -9.9292456373401957107731e-05 
2 1 15 20 3.8334300808711763760422e-04 
2 1 16 20 -2.5245055478510336575276e-04 
2 1 17 20 4.9099611467006603129914e-04 
2 1 18 20 1.5611450703270465974193e-03 
2 1 19 20 3.0465241264485490042119e-04 
2 1 20 20 8.8064200828892472486253e-05 
2 1 1 21 1.1608186323044710278052e-03 
2 1 2 21 2.1271780601398761201271e-04 
2 1 3 21 -2.0938551622849654513422e-07 
2 1 4 21 -1.2377198154154835958001e-07 
2 1 5 21 2.4361462406415941442731e-04 
2 1 6 21 4.5371308128852643132625e-05 
2 1 7 21 -5.2724338932705772792220e-05 
2 1 8 21 1.3635336387432292590445e-04 
2 1 9 21 5.4308984165733977412128e-05 
2 1 10 21 3.2461764639185566232258e-06 
2 1 11 21 -2.1089008455883966850234e-05 
2 1 12 21 1.3633425992122156592012e-05 
2 1 13 21 3.5831168626774887333403e-06 
2 1 14 21 -1.2285443379235727636421e-05 
2 1 15 21 4.7430983092818934795335e-05 
2 1 16 21 -3.1235675961769111146950e-05 
2 1 17 21 6.0750888648389994323856e-05 
2 1 18 21 1.9316028690678384012284e-04 
2 1 19 21 3.7694605437598921785468e-05 
2 1 20 21 1.0890659023715230262815e-05 
2 1 21 21 1.3920620900755643357114e-06 
2 1 1 22 6.9174461587517407576420e-03 
2 1 2 22 1.2676088486472535284133e-03 
2 1 3 22 -1.2477512690233104362887e-06 
2 1 4 22 -7.3757102958094642099912e-07 
2 1 5 22 1.4517263926152111468137e-03 
2 1 6 22 2.7037262511450275634384e-04 
2 1 7 22 -3.1419014623197205962613e-04 
2 1 8 22 8.1254472249866853666295e-04 
2 1 9 22 3.2363322174806672315225e-04 
2 1 10 22 1.9344323188459037077963e-05 
2 1 11 22 -1.2567172548962575527425e-04 
2 1 12 22 8.1243088274368711974166e-05 
2 1 13 22 2.1352188157558230730904e-05 
2 1 14 22 -7.3210310989182091068184e-05 
2 1 15 22 2.8264645536828166038149e-04 
2 1 16 22 -1.8613683560978722358707e-04 
2 1 17 22 3.6202124076402240242592e-04 
2 1 18 22 1.1510634370393293349905e-03 
2 1 19 22 2.2462630785798055020608e-04 
2 1 20 22 6.4898637335807977358400e-05 
2 1 21 22 8.0299004040391957760748e-06 
2 1 22 22 4.7895623557611572980019e-05 
2 1 1 23 -1.4444289848134805875901e-01 
2 1 2 23 -2.6468886354838169761017e-02 
2 1 3 23 2.6054241405602140995617e-05 
2 1 4 23 1.5401188736717312218524e-05 
2 1 5 23 -3.0313436944324242960924e-02 
2 1 6 23 -5.6456392648334312658887e-03 
2 1 7 23 6.5605910554738904039151e-03 
2 1 8 23 -1.6966711726284691014177e-02 
2 1 9 23 -6.7577715131611421420232e-03 
2 1 10 23 -4.0392798857351866958706e-04 
2 1 11 23 2.6241459450405367481718e-03 
2 1 12 23 -1.6964334633869505679360e-03 
2 1 13 23 -4.4585413143559919765466e-04 
2 1 14 23 1.5287013843104122010758e-03 
2 1 15 23 -5.9019285908441972143823e-03 
2 1 16 23 3.8867153322069535742456e-03 
2 1 17 23 -7.5593501015843054743892e-03 
2 1 18 23 -2.4035306580832038053641e-02 
2 1 19 23 -4.6904123631743609504352e-03 
2 1 20 23 -1.3551456808088681391805e-03 
2 1 21 23 -1.6767200781931206857341e-04 
2 1 22 23 -9.9917597329961423124889e-04 
2 1 23 23 2.0863795485874483959243e-02 
2 1 1 24 6.0940957927518281389556e-02 
2 1 2 24 1.1167314604557906573823e-02 
2 1 3 24 -1.0992374448157756972239e-05 
2 1 4 24 -6.4978147705096553506630e-06 
2 1 5 24 1.2789343781438429481501e-02 
2 1 6 24 2.3819147117898134546898e-03 
2 1 7 24 -2.7679360335129171884205e-03 
2 1 8 24 7.1583142983021588387493e-03 
2 1 9 24 2.8511271498675022639802e-03 
2 1 10 24 1.7041861395116850315910e-04 
2 1 11 24 -1.1071362407769882920533e-03 
2 1 12 24 7.1573113953659500165172e-04 
2 1 13 24 1.8810739848187438944503e-04 
2 1 14 24 -6.4496439578196843728231e-04 
2 1 15 24 2.4900440639589278488120e-03 
2 1 16 24 -1.6398186275167058335162e-03 
2 1 17 24 3.1893159258760883298378e-03 
2 1 18 24 1.0140578889771928797203e-02 
2 1 19 24 1.9789011816374263777463e-03 
2 1 20 24 5.7174064483702486619970e-04 
2 1 21 24 7.0741399436607290524513e-05 
2 1 22 24 4.2155579532266108022318e-04 
2 1 23 24 -8.8024885992920003791040e-03 
2 1 24 24 3.7138449157026751437649e-03 
2 1 1 25 -7.5126754380345720646384e-03 
2 1 2 25 -1.3766834816931687156955e-03 
2 1 3 25 1.3551172044130580480401e-06 
2 1 4 25 8.0103721055111396241098e-07 
2 1 5 25 -1.5766438888374445861928e-03 
2 1 6 25 -2.9363752650558372706002e-04 
2 1 7 25 3.4122543787118019172067e-04 
2 1 8 25 -8.8246220338502484072107e-04 
2 1 9 25 -3.5148106687844663312270e-04 
2 1 10 25 -2.1008854761685506561510e-05 
2 1 11 25 1.3648546930049228502121e-04 
2 1 12 25 -8.8233856804498803560674e-05 
2 1 13 25 -2.3189491587773123964979e-05 
2 1 14 25 7.9509878725922051071438e-05 
2 1 15 25 -3.0696748975790876532224e-04 
2 1 16 25 2.0215345388028668131668e-04 
2 1 17 25 -3.9317228080168692503499e-04 
2 1 18 25 -1.2501096232059047495128e-03 
2 1 19 25 -2.4395485082798939102319e-04 
2 1 20 25 -7.0483005936793668619843e-05 
2 1 21 25 -8.7208536449895443265793e-06 
2 1 22 25 -5.1968527833174461047060e-05 
2 1 23 25 1.0851526156686074932323e-03 
2 1 24 25 -4.5782963778789311989903e-04 
2 1 25 25 5.6484854429904212736770e-05 
2 1 1 26 -2.1511955892677334101215e-01 
2 1 2 26 -3.9420249924350649062266e-02 
2 1 3 26 3.8802717027336111534509e-05 
2 1 4 26 2.2937070409237391013313e-05 
2 1 5 26 -4.5145959085435075075488e-02 
2 1 6 26 -8.4080798798241724451019e-03 
2 1 7 26 9.7707223338155593100884e-03 
2 1 8 26 -2.5268611897004800148636e-02 
2 1 9 26 -1.0064384213566366851889e-02 
2 1 10 26 -6.0157205131188841960854e-04 
2 1 11 26 3.9081541854316505582578e-03 
2 1 12 26 -2.5265071681514895789167e-03 
2 1 13 26 -6.6401287363565271015114e-04 
2 1 14 26 2.2767029115317565651777e-03 
2 1 15 26 -8.7897729042197593474217e-03 
2 1 16 26 5.7885053314159790743831e-03 
2 1 17 26 -1.1258179368660812050273e-02 
2 1 18 26 -3.5795906927234166783336e-02 
2 1 19 26 -6.9854554938737793354231e-03 
2 1 20 26 -2.0182255008873374764466e-03 
2 1 21 26 -2.4971479213533768560032e-04 
2 1 22 26 -1.4880779666094484919164e-03 
2 1 23 26 3.1072492611304083909296e-02 
2 1 24 26 -1.3109591989954209184654e-02 
2 1 25 26 1.6161234266370630430210e-03 
2 1 26 26 4.6276469199582878633059e-02 
2 1 1 27 -5.8248689760516204894092e-02 
2 1 2 27 -1.0673961584794671927923e-02 
2 1 3 27 1.0506749988153203049374e-05 
2 1 4 27 6.2107523335383196038209e-06 
2 1 5 27 -1.2224332263558686240135e-02 
2 1 6 27 -2.2766857594871663800218e-03 
2 1 7 27 2.6456533138975732791232e-03 
2 1 8 27 -6.8420721129118173067796e-03 
2 1 9 27 -2.7251691878219870719680e-03 
2 1 10 27 -1.6288980861258367570724e-04 
2 1 11 27 1.0582248393329642122129e-03 
2 1 12 27 -6.8411135165163190936799e-04 
2 1 13 27 -1.7979713264241767929803e-04 
2 1 14 27 6.1647096261875796406604e-04 
2 1 15 27 -2.3800381402613161353765e-03 
2 1 16 27 1.5673742216407151803259e-03 
2 1 17 27 -3.0484173572644427362144e-03 
2 1 18 27 -9.6925853125719024783180e-03 
2 1 19 27 -1.8914766835964184118341e-03 
2 1 20 27 -5.4648211280492950403520e-04 
2 1 21 27 -6.7616164384640297020136e-05 
2 1 22 27 -4.0293217523297911175639e-04 
2 1 23 27 8.4136095817586627892970e-03 
2 1 24 27 -3.5497309520282223881116e-03 
2 1 25 27 4.3760350085767180192825e-04 
2 1 26 27 1.2530432449353317778118e-02 
2 1 27 27 3.3929544213636905758413e-03 
2 1 1 28 -2.7837590489211805344638e-02 
2 1 2 28 -5.1011854982023173421535e-03 
2 1 3 28 5.0212735293717836252683e-06 
2 1 4 28 2.9681762812274580479340e-06 
2 1 5 28 -5.8421220624128187767776e-03 
2 1 6 28 -1.0880492953022331912433e-03 
2 1 7 28 1.2643823205546263384325e-03 
2 1 8 28 -3.2698898869445800624556e-03 
2 1 9 28 -1.3023836961239207161284e-03 
2 1 10 28 -7.7846554251863317517961e-05 
2 1 11 28 5.0573549111777643325083e-04 
2 1 12 28 -3.2694317645800749765755e-04 
2 1 13 28 -8.5926721626362049426609e-05 
2 1 14 28 2.9461720558163895363965e-04 
2 1 15 28 -1.1374423591317126599337e-03 
2 1 16 28 7.4906271546685263863774e-04 
2 1 17 28 -1.4568670021523981959743e-03 
2 1 18 28 -4.6321766519126896313741e-03 
2 1 19 28 -9.0395429587934977410518e-04 
2 1 20 28 -2.6116888342872225615629e-04 
2 1 21 28 -3.2314393711066226853607e-05 
2 1 22 28 -1.9256503340560481734624e-04 
2 1 23 28 4.0209422569789290274889e-03 
2 1 24 28 -1.6964494308085030678523e-03 
2 1 25 28 2.0913478233092801998431e-04 
2 1 26 28 5.9884101876047663576275e-03 
2 1 27 28 1.6215031720880350614433e-03 
2 1 28 28 7.7497600652737274641579e-04 
2 1 1 29 1.0514598660186004822070e-02 
2 1 2 29 1.9267802012224064748397e-03 
2 1 3 29 -1.8965964591764220824750e-06 
2 1 4 29 -1.1211165325352585317383e-06 
2 1 5 29 2.2066410106236747541708e-03 
2 1 6 29 4.1096953654322533741258e-04 
2 1 7 29 -4.7757267852800402074473e-04 
2 1 8 29 1.2350774338210953728207e-03 
2 1 9 29 4.9192626320899014540078e-04 
2 1 10 29 2.9403596368985962820550e-05 
2 1 11 29 -1.9102248519924894427924e-04 
2 1 12 29 1.2349043957791104326321e-04 
2 1 13 29 3.2455574487688933454747e-05 
2 1 14 29 -1.1128052466139186534033e-04 
2 1 15 29 4.2962590134446065111978e-04 
2 1 16 29 -2.8293015619537469854811e-04 
2 1 17 29 5.5027649880996429548191e-04 
2 1 18 29 1.7496298193192790296213e-03 
2 1 19 29 3.4143460194966095827551e-04 
2 1 20 29 9.8646683981092444029604e-05 
2 1 21 29 1.2205542047737733536120e-05 
2 1 22 29 7.2734170101231154109168e-05 
2 1 23 29 -1.5187591068775436586175e-03 
2 1 24 29 6.4076971457224611832676e-04 
2 1 25 29 -7.8992767081335224120184e-05 
2 1 26 29 -2.2618958261020516604944e-03 
2 1 27 29 -6.1246159531102694478788e-04 
2 1 28 29 -2.9270109166627177000805e-04 
2 1 29 29 1.1060134719503267298167e-04 
2 1 1 30 -5.5557060621771688080361e-02 
2 1 2 30 -1.0180725665625557987970e-02 
2 1 3 30 1.0021240686311097699735e-05 
2 1 4 30 5.9237582001891084983593e-06 
2 1 5 30 -1.1659454855129262190738e-02 
2 1 6 30 -2.1714817837714017918771e-03 
2 1 7 30 2.5233996189313896013617e-03 
2 1 8 30 -6.5259049900447370709533e-03 
2 1 9 30 -2.5992411226978466391724e-03 
2 1 10 30 -1.5536279016871345419297e-04 
2 1 11 30 1.0093250473132452712383e-03 
2 1 12 30 -6.5249906927814199479598e-04 
2 1 13 30 -1.7148883918283812344795e-04 
2 1 14 30 5.8798429252941404946076e-04 
2 1 15 30 -2.2700583271699019925760e-03 
2 1 16 30 1.4949470111652706904443e-03 
2 1 17 30 -2.9075522321275262815909e-03 
2 1 18 30 -9.2446980697043074082231e-03 
2 1 19 30 -1.8040729362408312701216e-03 
2 1 20 30 -5.2122957605883941684805e-04 
2 1 21 30 -6.4491671246674037946273e-05 
2 1 22 30 -3.8431297547179073433032e-04 
2 1 23 30 8.0248228676417909105423e-03 
2 1 24 30 -3.3857004938978806606042e-03 
2 1 25 30 4.1738216460068919451409e-04 
2 1 26 30 1.1951410376538230267984e-02 
2 1 27 30 3.2361259881377732808283e-03 
2 1 28 30 1.5465747024304306572046e-03 
2 1 29 30 -5.8416019508496187448432e-04 
2 1 30 30 3.0866315464986799135816e-03 
2 1 1 31 -7.4210977312524437771168e-03 
2 1 2 31 -1.3599020409266098299850e-03 
2 1 3 31 1.3385984542272124447161e-06 
2 1 4 31 7.9127306516090679091777e-07 
2 1 5 31 -1.5574249792047018762370e-03 
2 1 6 31 -2.9005815526768878196903e-04 
2 1 7 31 3.3706598186569503060664e-04 
2 1 8 31 -8.7170520186703921456522e-04 
2 1 9 31 -3.4719659709154675241230e-04 
2 1 10 31 -2.0752761658080021107747e-05 
2 1 11 31 1.3482174419750220890554e-04 
2 1 12 31 -8.7158307928471317376287e-05 
2 1 13 31 -2.2906817045980335287953e-05 
2 1 14 31 7.8540672358227121645745e-05 
2 1 15 31 -3.0322562978820770699870e-04 
2 1 16 31 1.9968925230699820249670e-04 
2 1 17 31 -3.8837960568767823784850e-04 
2 1 18 31 -1.2348710875397022820876e-03 
2 1 19 31 -2.4098109965428057095346e-04 
2 1 20 31 -6.9623835046911969229137e-05 
2 1 21 31 -8.6145487519887167684844e-06 
2 1 22 31 -5.1335043767230334346794e-05 
2 1 23 31 1.0719248668513790129220e-03 
2 1 24 31 -4.5224880455783819611579e-04 
2 1 25 31 5.5752298374778610536018e-05 
2 1 26 31 1.5964232713064838153905e-03 
2 1 27 31 4.3226921938002937874021e-04 
2 1 28 31 2.0658547973341668960515e-04 
2 1 29 31 -7.8029864083270627909440e-05 
2 1 30 31 4.1229437470158866556325e-04 
2 1 31 31 5.5117250209141485932547e-05 
2 1 1 32 -1.7210283150334858975894e-02 
2 1 2 32 -3.1537516460019860559116e-03 
2 1 3 32 3.1043469413694427328832e-06 
2 1 4 32 1.8350422520847453974760e-06 
2 1 5 32 -3.6118275010984858021390e-03 
2 1 6 32 -6.7267447088332674685895e-04 
2 1 7 32 7.8169041805121097701153e-04 
2 1 8 32 -2.0215733415353243605794e-03 
2 1 9 32 -8.0518434916888534120388e-04 
2 1 10 32 -4.8127773167518278268819e-05 
2 1 11 32 3.1266538691950636515149e-04 
2 1 12 32 -2.0212901127747242061537e-04 
2 1 13 32 -5.3123247487453300556132e-05 
2 1 14 32 1.8214383643846637577356e-04 
2 1 15 32 -7.0321118759434481614023e-04 
2 1 16 32 4.6309975844416594340999e-04 
2 1 17 32 -9.0069194853085413499799e-04 
2 1 18 32 -2.8637921020017785382616e-03 
2 1 19 32 -5.5885976886979127700728e-04 
2 1 20 32 -1.6146478035192649382913e-04 
2 1 21 32 -1.9978017356418373127623e-05 
2 1 22 32 -1.1905120706125518184517e-04 
2 1 23 32 2.4859031819416906906872e-03 
2 1 24 32 -1.0488111413832436249333e-03 
2 1 25 32 1.2929527149543675631875e-04 
2 1 26 32 3.7022685203265139584905e-03 
2 1 27 32 1.0024764439127691485060e-03 
2 1 28 32 4.7909281454636002198222e-04 
2 1 29 32 -1.8095922014760526422110e-04 
2 1 30 32 9.5615274423605553077293e-04 
2 1 31 32 1.2771919311565244482647e-04 
2 1 32 32 2.9623840834810136407942e-04 
2 1 1 33 7.8123460476503411853422e-02 
2 1 2 33 1.4315975508219622516770e-02 
2 1 3 33 -1.4091710401943416871846e-05 
2 1 4 33 -8.3298949128724285144183e-06 
2 1 5 33 1.6395341120465645179394e-02 
2 1 6 33 3.0535033608464138936422e-03 
2 1 7 33 -3.5483646576874370952293e-03 
2 1 8 33 9.1766244440554759626005e-03 
2 1 9 33 3.6550117815849253628813e-03 
2 1 10 33 2.1846869993897793482511e-04 
2 1 11 33 -1.4192969275493567786472e-03 
2 1 12 33 9.1753387693592339865306e-04 
2 1 13 33 2.4114489516396131496036e-04 
2 1 14 33 -8.2681421815759598061696e-04 
2 1 15 33 3.1921201377701270175680e-03 
2 1 16 33 -2.1021708567138122983331e-03 
2 1 17 33 4.0885539898900527186476e-03 
2 1 18 33 1.2999748298117782402405e-02 
2 1 19 33 2.5368588467941577055398e-03 
2 1 20 33 7.3294479097063265464473e-04 
2 1 21 33 9.0687168546388618453266e-05 
2 1 22 33 5.4041483157657606555685e-04 
2 1 23 33 -1.1284379070633364372522e-02 
2 1 24 33 4.7609185180499512951569e-03 
2 1 25 33 -5.8691620265008816008379e-04 
2 1 26 33 -1.6805884359553036749846e-02 
2 1 27 33 -4.5505892123131269980107e-03 
2 1 28 33 -2.1747689003476524359504e-03 
2 1 29 33 8.2143683285142762157127e-04 
2 1 30 33 -4.3403098296350929238829e-03 
2 1 31 33 -5.7976183522163830547785e-04 
2 1 32 33 -1.3445268754819731261280e-03 
2 1 33 33 6.1033196396411675682669e-03 
2 1 1 34 7.5195995192657849592877e-02 
2 1 2 34 1.3779523064235917051423e-02 
2 1 3 34 -1.3563661681638141556327e-05 
2 1 4 34 -8.0177546479328086264857e-06 
2 1 5 34 1.5780970076813165270391e-02 
2 1 6 34 2.9390815849910326834626e-03 
2 1 7 34 -3.4153992938079909096050e-03 
2 1 8 34 8.8327552744338327234130e-03 
2 1 9 34 3.5180501053153831469977e-03 
2 1 10 34 2.1028217656751495290290e-04 
2 1 11 34 -1.3661126157225968787839e-03 
2 1 12 34 8.8315177770423454982340e-04 
2 1 13 34 2.3210864273689213216519e-04 
2 1 14 34 -7.9583159264155116721651e-04 
2 1 15 34 3.0725040732952637288766e-03 
2 1 16 34 -2.0233976922187828575983e-03 
2 1 17 34 3.9353464925159543918998e-03 
2 1 18 34 1.2512617907203480924205e-02 
2 1 19 34 2.4417969260973541693882e-03 
2 1 20 34 7.0547966823469843676564e-04 
2 1 21 34 8.7288912304013158800428e-05 
2 1 22 34 5.2016424808952346856700e-04 
2 1 23 34 -1.0861527499843462787887e-02 
2 1 24 34 4.5825159793516853645734e-03 
2 1 25 34 -5.6492310611108308062572e-04 
2 1 26 34 -1.6176129318930330958093e-02 
2 1 27 34 -4.3800681952084839082540e-03 
2 1 28 34 -2.0932753206067016872594e-03 
2 1 29 34 7.9065571029667902971938e-04 
2 1 30 34 -4.1776684633567286869527e-03 
2 1 31 34 -5.5803682917641875098347e-04 
2 1 32 34 -1.2941443690317100314452e-03 
2 1 33 34 5.8745713584219625552629e-03 
2 1 34 34 5.6544822557820411182417e-03 
2 1 1 35 2.5015341694953452389427e-02 
2 1 2 35 4.5840137757729862780232e-03 
2 1 3 35 -4.5122034944651514718709e-06 
2 1 4 35 -2.6672546933134387603956e-06 
2 1 5 35 5.2498322249377267142978e-03 
2 1 6 35 9.7773997047219353070946e-04 
2 1 7 35 -1.1361958857030720823622e-03 
2 1 8 35 2.9383797731517505985588e-03 
2 1 9 35 1.1703445809758885199497e-03 
2 1 10 35 6.9954264006495445291263e-05 
2 1 11 35 -4.5446268499706778945177e-04 
2 1 12 35 2.9379680964464421986243e-04 
2 1 13 35 7.7215242570855463282928e-05 
2 1 14 35 -2.6474813147688458937062e-04 
2 1 15 35 1.0221254344200383836622e-03 
2 1 16 35 -6.7312074964283492850559e-04 
2 1 17 35 1.3091659594985994349153e-03 
2 1 18 35 4.1625542908923871682214e-03 
2 1 19 35 8.1230901060949396025324e-04 
2 1 20 35 2.3469088898303897450411e-04 
2 1 21 35 2.9038274726356436003993e-05 
2 1 22 35 1.7304227932406684780861e-04 
2 1 23 35 -3.6132884609022825755931e-03 
2 1 24 35 1.5244588857764123073640e-03 
2 1 25 35 -1.8793214313348989910613e-04 
2 1 26 35 -5.3812892718038130013269e-03 
2 1 27 35 -1.4571108776440485407105e-03 
2 1 28 35 -6.9636683804872060929436e-04 
2 1 29 35 2.6302627827492271617854e-04 
2 1 30 35 -1.3897788550726788286971e-03 
2 1 31 35 -1.8564129559922335562135e-04 
2 1 32 35 -4.3052111367609702556256e-04 
2 1 33 35 1.9542850582141843909789e-03 
2 1 34 35 1.8810535138406210293321e-03 
2 1 35 35 6.2581188238324187474854e-04 
2 1 1 36 -1.7680812854942801193303e-01 
2 1 2 36 -3.2399753192316908811943e-02 
2 1 3 36 3.1892198957722251134294e-05 
2 1 4 36 1.8852123558239562521859e-05 
2 1 5 36 -3.7105749831835829755100e-02 
2 1 6 36 -6.9106541294874819503224e-03 
2 1 7 36 8.0306185966415571247934e-03 
2 1 8 36 -2.0768432228382670279299e-02 
2 1 9 36 -8.2719811563237814755478e-03 
2 1 10 36 -4.9443588069250361642648e-04 
2 1 11 36 3.2121366883330350859571e-03 
2 1 12 36 -2.0765522503806694946948e-03 
2 1 13 36 -5.4575638820579118644372e-04 
2 1 14 36 1.8712365489066567526832e-03 
2 1 15 36 -7.2243700448227747556995e-03 
2 1 16 36 4.7576092098140492642200e-03 
2 1 17 36 -9.2531689586635088029531e-03 
2 1 18 36 -2.9420882718004127270861e-02 
2 1 19 36 -5.7413901324972170525651e-03 
2 1 20 36 -1.6587923273129888575295e-03 
2 1 21 36 -2.0524216996698366817682e-04 
2 1 22 36 -1.2230607096665926242229e-03 
2 1 23 36 2.5538678562753651390960e-02 
2 1 24 36 -1.0774856723174547346034e-02 
2 1 25 36 1.3283020845936571209533e-03 
2 1 26 36 3.8034886628233482985806e-02 
2 1 27 36 1.0298841827013009708747e-02 
2 1 28 36 4.9219122777248670505545e-03 
2 1 29 36 -1.8590665115529173608694e-03 
2 1 30 36 9.8229399162118348487471e-03 
2 1 31 36 1.3121104015858600644329e-03 
2 1 32 36 3.0429179556145549527535e-03 
2 1 33 36 -1.3812862842655697359628e-02 
2 1 34 36 -1.3295263184423776470222e-02 
2 1 35 36 -4.4229157501110664962862e-03 
2 1 36 36 3.1261158886487200314619e-02 
2 1 1 37 -2.8639188075086825097104e-02 
2 1 2 37 -5.2480767308362447770564e-03 
2 1 3 37 5.1658636579925817361035e-06 
2 1 4 37 3.0536464250874824420505e-06 
2 1 5 37 -6.0103489405039043497192e-03 
2 1 6 37 -1.1193802285189298050677e-03 
2 1 7 37 1.3007908529730012776870e-03 
2 1 8 37 -3.3640480304209701215012e-03 
2 1 9 37 -1.3398864974935337669032e-03 
2 1 10 37 -8.0088185402959596241416e-05 
2 1 11 37 5.2029840197542515274620e-04 
2 1 12 37 -3.3635767161382669173178e-04 
2 1 13 37 -8.8401025309347956585362e-05 
2 1 14 37 3.0310085796026955571800e-04 
2 1 15 37 -1.1701955907568058461860e-03 
2 1 16 37 7.7063235758495669813772e-04 
2 1 17 37 -1.4988182289373405079586e-03 
2 1 18 37 -4.7655625361169564810360e-03 
2 1 19 37 -9.2998411989212098963109e-04 
2 1 20 37 -2.6868937434705022701542e-04 
2 1 21 37 -3.3244903122184020515840e-05 
2 1 22 37 -1.9811004154900608295944e-04 
2 1 23 37 4.1367273356926305763470e-03 
2 1 24 37 -1.7452995555647075887062e-03 
2 1 25 37 2.1515692482807776504325e-04 
2 1 26 37 6.1608495067095366687360e-03 
2 1 27 37 1.6681951811809707549028e-03 
2 1 28 37 7.9724598957337899744757e-04 
2 1 29 37 -3.0112956857038686731692e-04 
2 1 30 37 1.5911091081201817008101e-03 
2 1 31 37 2.1253421379237674129943e-04 
2 1 32 37 4.9288853597305969100884e-04 
2 1 33 37 -2.2373924776665837441114e-03 
2 1 34 37 -2.1535522488219500068796e-03 
2 1 35 37 -7.1641907556032290421005e-04 
2 1 36 37 5.0636412467340088938705e-03 
2 1 37 37 8.2024765588468073664735e-04 
2 1 1 38 -9.8223498344766468209910e-03 
2 1 2 38 -1.7999269208808666570265e-03 
2 1 3 38 1.7717303988197041287374e-06 
2 1 4 38 1.0473056456795615673180e-06 
2 1 5 38 -2.0613625556025268366345e-03 
2 1 6 38 -3.8391256671157375241626e-04 
2 1 7 38 4.4613076271169310521233e-04 
2 1 8 38 -1.1537637354794769411342e-03 
2 1 9 38 -4.5953935154878294225972e-04 
2 1 10 38 -2.7467754066359219755535e-05 
2 1 11 38 1.7844615249360649294509e-04 
2 1 12 38 -1.1536020892903980645649e-04 
2 1 13 38 -3.0318799335673707941738e-05 
2 1 14 38 1.0395415729776446873023e-04 
2 1 15 38 -4.0134065382967001444497e-04 
2 1 16 38 2.6430290516573886261051e-04 
2 1 17 38 -5.1404798712078073833626e-04 
2 1 18 38 -1.6344395750709016061630e-03 
2 1 19 38 -3.1895559825955387394519e-04 
2 1 20 38 -9.2152089812166812715991e-05 
2 1 21 38 -1.1401966695186227233774e-05 
2 1 22 38 -6.7945576137963970692057e-05 
2 1 23 38 1.4187686799741251221507e-03 
2 1 24 38 -5.9858340801370341511395e-04 
2 1 25 38 7.3792126351937296024029e-05 
2 1 26 38 2.1129795640022603318842e-03 
2 1 27 38 5.7213900822893981948369e-04 
2 1 28 38 2.7343055233126548455094e-04 
2 1 29 38 -1.0327806641383007932831e-04 
2 1 30 38 5.4570088524696273944020e-04 
2 1 31 38 7.2892618158506200303978e-05 
2 1 32 38 1.6904542185605783612828e-04 
2 1 33 38 -7.6735595908211087692180e-04 
2 1 34 38 -7.3860137093754822668057e-04 
2 1 35 38 -2.4570943735437232417762e-04 
2 1 36 38 1.7366712921931830217875e-03 
2 1 37 38 2.8130412424540293583192e-04 
2 1 38 38 9.6523118486610114813429e-05 
2 1 1 39 -2.6859394176398883324897e-02 
2 1 2 39 -4.9219328848148363730886e-03 
2 1 3 39 4.8448289656092577862919e-06 
2 1 4 39 2.8638763528347090358541e-06 
2 1 5 39 -5.6368333804621599883444e-03 
2 1 6 39 -1.0498158925307770998614e-03 
2 1 7 39 1.2199526805536473495623e-03 
2 1 8 39 -3.1549879082228282634048e-03 
2 1 9 39 -1.2566187104632851358199e-03 
2 1 10 39 -7.5111072793895917510711e-05 
2 1 11 39 4.8796424784378148722594e-04 
2 1 12 39 -3.1545458842713021505727e-04 
2 1 13 39 -8.2907307910131268057635e-05 
2 1 14 39 2.8426453283892337553507e-04 
2 1 15 39 -1.0974733135960558754601e-03 
2 1 16 39 7.2274109879957935519829e-04 
2 1 17 39 -1.4056735653585096523788e-03 
2 1 18 39 -4.4694047294297689285059e-03 
2 1 19 39 -8.7218988150580844566362e-04 
2 1 20 39 -2.5199156476356346411397e-04 
2 1 21 39 -3.1178885215478879409847e-05 
2 1 22 39 -1.8579841306890721645655e-04 
2 1 23 39 3.8796487463006227268403e-03 
2 1 24 39 -1.6368372104619110640050e-03 
2 1 25 39 2.0178591090589320178675e-04 
2 1 26 39 5.7779810282753531550104e-03 
2 1 27 39 1.5645245185358434662770e-03 
2 1 28 39 7.4770081587241391321563e-04 
2 1 29 39 -2.8241575001820536441888e-04 
2 1 30 39 1.4922289904977996226332e-03 
2 1 31 39 1.9932618913821661282317e-04 
2 1 32 39 4.6225777902063076157946e-04 
2 1 33 39 -2.0983488193618542866359e-03 
2 1 34 39 -2.0197188753643146620631e-03 
2 1 35 39 -6.7189692304343254670301e-04 
2 1 36 39 4.7489592183000695069239e-03 
2 1 37 39 7.6923124140270944873454e-04 
2 1 38 39 2.6382236594386178395524e-04 
2 1 39 39 7.2147161780290844541874e-04 
2 1 1 40 2.7595950555031389939131e-02 
2 1 2 40 5.0569054399564414975510e-03 
2 1 3 40 -4.9776871262877734052466e-06 
2 1 4 40 -2.9424114953711150633917e-06 
2 1 5 40 5.7914104179922730464281e-03 
2 1 6 40 1.0786046502747888113649e-03 
2 1 7 40 -1.2534070437678146783811e-03 
2 1 8 40 3.2415061093771105685257e-03 
2 1 9 40 1.2910785542199793452661e-03 
2 1 10 40 7.7170819169448482137581e-05 
2 1 11 40 -5.0134553176041612813918e-04 
2 1 12 40 3.2410519639160571088096e-04 
2 1 13 40 8.5180847890498610254506e-05 
2 1 14 40 -2.9205982611758390379494e-04 
2 1 15 40 1.1275689652036251578449e-03 
2 1 16 40 -7.4256059148295416004470e-04 
2 1 17 40 1.4442208916301713540059e-03 
2 1 18 40 4.5919677530236032922395e-03 
2 1 19 40 8.9610765926411209674612e-04 
2 1 20 40 2.5890184699736880098025e-04 
2 1 21 40 3.2033893582436157433744e-05 
2 1 22 40 1.9089350216205562072239e-04 
2 1 23 40 -3.9860390845221404035326e-03 
2 1 24 40 1.6817236617437233883038e-03 
2 1 25 40 -2.0731941992166300547593e-04 
2 1 26 40 -5.9364287115688391116564e-03 
2 1 27 40 -1.6074279625262340946007e-03 
2 1 28 40 -7.6820477071249163546207e-04 
2 1 29 40 2.9016034473098781514694e-04 
2 1 30 40 -1.5331498978856067209875e-03 
2 1 31 40 -2.0479224602535926508425e-04 
2 1 32 40 -4.7493412285367833788538e-04 
2 1 33 40 2.1558911524970493338305e-03 
2 1 34 40 2.0751049652718176960486e-03 
2 1 35 40 6.9032213253206610014540e-04 
2 1 36 40 -4.8791883731775648191942e-03 
2 1 37 40 -7.9032561805761152549932e-04 
2 1 38 40 -2.7105708036719337265114e-04 
2 1 39 40 -7.4121051362963563582248e-04 
2 1 40 40 7.6158104931989365361106e-04 
2 1 1 41 4.6665271535137685388062e-02 
2 1 2 41 8.5513222315925611904941e-03 
2 1 3 41 -8.4173625759747159165653e-06 
2 1 4 41 -4.9756731877704559794773e-06 
2 1 5 41 9.7933839672606111392827e-03 
2 1 6 41 1.8239407547833478250021e-03 
2 1 7 41 -2.1195348906293005192270e-03 
2 1 8 41 5.4814478115193339055611e-03 
2 1 9 41 2.1832381234981020415309e-03 
2 1 10 41 1.3049730698869678653141e-04 
2 1 11 41 -8.4778472572982375640716e-04 
2 1 12 41 5.4806798429123918144079e-04 
2 1 13 41 1.4404241624400032791530e-04 
2 1 14 41 -4.9387866031763087270451e-04 
2 1 15 41 1.9067403324604546496768e-03 
2 1 16 41 -1.2556839295521169796305e-03 
2 1 17 41 2.4422046970281525470059e-03 
2 1 18 41 7.7651038563832071662252e-03 
2 1 19 41 1.5153349097714839677220e-03 
2 1 20 41 4.3780789384251580934407e-04 
2 1 21 41 5.4169916679550404964381e-05 
2 1 22 41 3.2280450332785004226646e-04 
2 1 23 41 -6.7404670789546344833454e-03 
2 1 24 41 2.8438263492993162868949e-03 
2 1 25 41 -3.5058103927123560614523e-04 
2 1 26 41 -1.0038612629837406764466e-02 
2 1 27 41 -2.7181909242405930156317e-03 
2 1 28 41 -1.2990487190630945705389e-03 
2 1 29 41 4.9066660156058330977125e-04 
2 1 30 41 -2.5925853196089440264038e-03 
2 1 31 41 -3.4630754071752952458554e-04 
2 1 32 41 -8.0312253640700906071742e-04 
2 1 33 41 3.6456524964009221975725e-03 
2 1 34 41 3.5090415340204594331353e-03 
2 1 35 41 1.1673477127392695162911e-03 
2 1 36 41 -8.2507993283790926480892e-03 
2 1 37 41 -1.3364554880698545618473e-03 
2 1 38 41 -4.5836262213899047141333e-04 
2 1 39 41 -1.2534009225109916420282e-03 
2 1 40 41 1.2877725259207866998629e-03 
2 1 41 41 2.1776921298741623751749e-03 
2 1 1 42 -1.8016218150531262964797e-01 
2 1 2 42 -3.3014377015650089863819e-02 
2 1 3 42 3.2497194475334359356055e-05 
2 1 4 42 1.9209748626801661695006e-05 
2 1 5 42 -3.7809646484799182275527e-02 
2 1 6 42 -7.0417493461069598573165e-03 
2 1 7 42 8.1829595566557406655095e-03 
2 1 8 42 -2.1162409711618986041248e-02 
2 1 9 42 -8.4289007678628753011951e-03 
2 1 10 42 -5.0381533706650102628216e-04 
2 1 11 42 3.2730709714053128449318e-03 
2 1 12 42 -2.1159444789349457667627e-03 
2 1 13 42 -5.5610939540764678119117e-04 
2 1 14 42 1.9067339354231758498381e-03 
2 1 15 42 -7.3614164572390582141903e-03 
2 1 16 42 4.8478611307059427809607e-03 
2 1 17 42 -9.4287017180977681501952e-03 
2 1 18 42 -2.9978997321979006240866e-02 
2 1 19 42 -5.8503043928531828915540e-03 
2 1 20 42 -1.6902596436307079207778e-03 
2 1 21 42 -2.0913561712539789866176e-04 
2 1 22 42 -1.2462621904088273111499e-03 
2 1 23 42 2.6023147693342862235566e-02 
2 1 24 42 -1.0979255923247003418064e-02 
2 1 25 42 1.3534999958607876920091e-03 
2 1 26 42 3.8756409020699641998497e-02 
2 1 27 42 1.0494211017081665759942e-02 
2 1 28 42 5.0152810303867815383549e-03 
2 1 29 42 -1.8943330322739983587188e-03 
2 1 30 42 1.0009281239661478243863e-02 
2 1 31 42 1.3370011564660735925436e-03 
2 1 32 42 3.1006421566896940136826e-03 
2 1 33 42 -1.4074893066192945001447e-02 
2 1 34 42 -1.3547474534374451260454e-02 
2 1 35 42 -4.5068185308624860233029e-03 
2 1 36 42 3.1854138147339013109605e-02 
2 1 37 42 5.1596986001471497468307e-03 
2 1 38 42 1.7696159736867939429872e-03 
2 1 39 42 4.8390470487316575645687e-03 
2 1 40 42 -4.9717466527075130158786e-03 
2 1 41 42 -8.4073171203086147218464e-03 
2 1 42 42 3.2458456210207112246913e-02 
2 1 1 43 4.2578700131636471049035e-01 
2 1 2 43 7.8024657963003035687777e-02 
2 1 3 43 -7.6802372560099606496956e-05 
2 1 4 43 -4.5399435098092290449736e-05 
2 1 5 43 8.9357576951414607879798e-02 
2 1 6 43 1.6642146054435084934209e-02 
2 1 7 43 -1.9339229700763859581825e-02 
2 1 8 43 5.0014264350355386312685e-02 
2 1 9 43 1.9920475831022202428677e-02 
2 1 10 43 1.1906939613663140766636e-03 
2 1 11 43 -7.7354251728394092177399e-03 
2 1 12 43 5.0007257189889952123107e-03 
2 1 13 43 1.3142833301322347748508e-03 
2 1 14 43 -4.5062871568721865611629e-03 
2 1 15 43 1.7397632580706319516128e-02 
2 1 16 43 -1.1457211698916102207702e-02 
2 1 17 43 2.2283359344983006550267e-02 
2 1 18 43 7.0850981407663396471897e-02 
2 1 19 43 1.3826339931090851978479e-02 
2 1 20 43 3.9946817866789476048073e-03 
2 1 21 43 4.9426148452490800515313e-04 
2 1 22 43 2.9453586566987491161818e-03 
2 1 23 43 -6.1501908605827354525886e-02 
2 1 24 43 2.5947867733306480969580e-02 
2 1 25 43 -3.1987995466195777265195e-03 
2 1 26 43 -9.1595111919945335077209e-02 
2 1 27 43 -2.4801534943738403476976e-02 
2 1 28 43 -1.1852884178276809276631e-02 
2 1 29 43 4.4769794335630559711792e-03 
2 1 30 43 -2.3655474244066315020474e-02 
2 1 31 43 -3.1598069494085442160403e-03 
2 1 32 43 -7.3279148543850735827987e-03 
2 1 33 43 3.3263953968750321898984e-02 
2 1 34 43 3.2017477304080804723085e-02 
2 1 35 43 1.0651207327200618371621e-02 
2 1 36 43 -7.5282602863426084649490e-02 
2 1 37 43 -1.2194194010629901686604e-02 
2 1 38 43 -4.1822288819038820270602e-03 
2 1 39 43 -1.1436380903543317752447e-02 
2 1 40 43 1.1749997035301686792996e-02 
2 1 41 43 1.9869466032561379498222e-02 
2 1 42 43 -7.6710715013763794423163e-02 
2 1 43 43 1.8129461507033428624425e-01 
2 1 1 44 -4.9211184037683564085341e-01 
2 1 2 44 -9.0178558542738346259782e-02 
2 1 3 44 8.8765877747912732046408e-05 
2 1 4 44 5.2471304877021475703697e-05 
2 1 5 44 -1.0327680626516416717564e-01 
2 1 6 44 -1.9234493061900243687790e-02 
2 1 7 44 2.2351701414296772096879e-02 
2 1 8 44 -5.7804986057476963334789e-02 
2 1 9 44 -2.3023488251351944405831e-02 
2 1 10 44 -1.3761683537580878065182e-03 
2 1 11 44 8.9403723132321054334337e-03 
2 1 12 44 -5.7796887391683539683673e-03 
2 1 13 44 -1.5190092378771090537992e-03 
2 1 14 44 5.2082314847064293053536e-03 
2 1 15 44 -2.0107661720583324543865e-02 
2 1 16 44 1.3241901507820121389192e-02 
2 1 17 44 -2.5754438118441042721019e-02 
2 1 18 44 -8.1887438426341913055850e-02 
2 1 19 44 -1.5980068832839863096629e-02 
2 1 20 44 -4.6169333485631940811045e-03 
2 1 21 44 -5.7125259349239559426847e-04 
2 1 22 44 -3.4041571598858941238852e-03 
2 1 23 44 7.1082060601033725255604e-02 
2 1 24 44 -2.9989766960038639898034e-02 
2 1 25 44 3.6970765359589760797043e-03 
2 1 26 44 1.0586288204452223848939e-01 
2 1 27 44 2.8664869917586380948515e-02 
2 1 28 44 1.3699207887305707778691e-02 
2 1 29 44 -5.1743584974839025927840e-03 
2 1 30 44 2.7340287348464682032345e-02 
2 1 31 44 3.6520100620628624665809e-03 
2 1 32 44 8.4693841145151178145811e-03 
2 1 33 44 -3.8445479911699033392924e-02 
2 1 34 44 -3.7004839583224757859625e-02 
2 1 35 44 -1.2310345839161341424672e-02 
2 1 36 44 8.7009373534044309739244e-02 
2 1 37 44 1.4093683550532819931389e-02 
2 1 38 44 4.8336946538714790216895e-03 
2 1 39 44 1.3217825899553779442352e-02 
2 1 40 44 -1.3580294014583700265564e-02 
2 1 41 44 -2.2964532656841719210350e-02 
2 1 42 44 8.8659942706884264929101e-02 
2 1 43 44 -2.0953482482633714600873e-01 
2 1 44 44 2.4217410802549133030936e-01 
2 1 1 45 8.1677495637673114270427e-01 
2 1 2 45 1.4967245690219635467777e-01 
2 1 3 45 -1.4732778196942968636923e-04 
2 1 4 45 -8.7088430389610429083885e-05 
2 1 5 45 1.7141206939334660552809e-01 
2 1 6 45 3.1924150045909822914769e-02 
2 1 7 45 -3.7097888019986202667866e-02 
2 1 8 45 9.5940924585971018578867e-02 
2 1 9 45 3.8212875751451630401689e-02 
2 1 10 45 2.2840739744145197379077e-03 
2 1 11 45 -1.4838643590733288993300e-02 
2 1 12 45 9.5927482951758905743711e-03 
2 1 13 45 2.5211519053292947255274e-03 
2 1 14 45 -8.6442810245392735779557e-03 
2 1 15 45 3.3373378116833794793106e-02 
2 1 16 45 -2.1978039622285561183190e-02 
2 1 17 45 4.2745527225259309644922e-02 
2 1 18 45 1.3591139952507316768227e-01 
2 1 19 45 2.6522670159376187520861e-02 
2 1 20 45 7.6628831598107970818345e-03 
2 1 21 45 9.4812758777437344120953e-04 
2 1 22 45 5.6499967845407691666160e-03 
2 1 23 45 -1.1797734210606879157179e-01 
2 1 24 45 4.9775048252805854931413e-02 
2 1 25 45 -6.1361651531587355426489e-03 
2 1 26 45 -1.7570426835823430011807e-01 
2 1 27 45 -4.7576071038147121905482e-02 
2 1 28 45 -2.2737046757466846530482e-02 
2 1 29 45 8.5880608619828911060035e-03 
2 1 30 45 -4.5377615765669565561780e-02 
2 1 31 45 -6.0613667755218432475761e-03 
2 1 32 45 -1.4056928269339503609348e-02 
2 1 33 45 6.3809286022697558893313e-02 
2 1 34 45 6.1418205693183708371308e-02 
2 1 35 45 2.0431904621650936321187e-02 
2 1 36 45 -1.4441245148301656842094e-01 
2 1 37 45 -2.3391771590703842181869e-02 
2 1 38 45 -8.0226493575765670668298e-03 
2 1 39 45 -2.1938080506732165336770e-02 
2 1 40 45 2.2539681310759274862621e-02 
2 1 41 45 3.8115025122422312164883e-02 
2 1 42 45 -1.4715195793974081284183e-01 
2 1 43 45 3.4777215942597933251434e-01 
2 1 44 45 -4.0194462695625216008821e-01 
2 1 45 45 6.6712137399315196706340e-01 
2 1 1 46 -2.6696352367614339939905e-01 
2 1 2 46 -4.8920557835331279772362e-02 
2 1 3 46 4.8154199030082386412746e-05 
2 1 4 46 2.8464920555302545890136e-05 
2 1 5 46 -5.6026166924684914216748e-02 
2 1 6 46 -1.0434433034569411472003e-02 
2 1 7 46 1.2125473276864409330478e-02 
2 1 8 46 -3.1358365106872433669682e-02 
2 1 9 46 -1.2489907875801795414383e-02 
2 1 10 46 -7.4655133802589322081916e-04 
2 1 11 46 4.8500220882508118802612e-03 
2 1 12 46 -3.1353971698298431676488e-03 
2 1 13 46 -8.2404044237306391194192e-04 
2 1 14 46 2.8253899118009431074006e-03 
2 1 15 46 -1.0908114345927250390944e-02 
2 1 16 46 7.1835391808321071710486e-03 
2 1 17 46 -1.3971408501635165094745e-02 
2 1 18 46 -4.4422745631092656892758e-02 
2 1 19 46 -8.6689551727436465339283e-03 
2 1 20 46 -2.5046192637156118772357e-03 
2 1 21 46 -3.0989623243007907845911e-04 
2 1 22 46 -1.8467058013793200259983e-03 
2 1 23 46 3.8560985148578301451305e-02 
2 1 24 46 -1.6269012864531078033092e-02 
2 1 25 46 2.0056103071717365157745e-03 
2 1 26 46 5.7429075462752846026326e-02 
2 1 27 46 1.5550275467985838137586e-02 
2 1 28 46 7.4316212476541760462156e-03 
2 1 29 46 -2.8070143083628665281459e-03 
2 1 30 46 1.4831708668667949874154e-02 
2 1 31 46 1.9811623998629364525048e-03 
2 1 32 46 4.5945178332769346513098e-03 
2 1 33 46 -2.0856114290581675291270e-02 
2 1 34 46 -2.0074587842966052503302e-02 
2 1 35 46 -6.6781837648482072003486e-03 
2 1 36 46 4.7201321012142249955446e-02 
2 1 37 46 7.6456185637498339999207e-03 
2 1 38 46 2.6222091225922535343007e-03 
2 1 39 46 7.1704785131380000678947e-03 
2 1 40 46 -7.3671121993638139652250e-03 
2 1 41 46 -1.2457925322324519407102e-02 
2 1 42 46 4.8096730807837807797345e-02 
2 1 43 46 -1.1366959820691759086575e-01 
2 1 44 46 1.3137591094975276106993e-01 
2 1 45 46 -2.1804912040476742696171e-01 
2 1 46 46 7.1269567542919479152808e-02 
2 1 1 47 6.4553645947755589062922e-02 
2 1 2 47 1.1829332811405199668564e-02 
2 1 3 47 -1.1644021902354622057993e-05 
2 1 4 47 -6.8830167338148995107255e-06 
2 1 5 47 1.3547518753354966664082e-02 
2 1 6 47 2.5231188385118836006726e-03 
2 1 7 47 -2.9320241884921143665776e-03 
2 1 8 47 7.5826718599233079373678e-03 
2 1 9 47 3.0201470217095234375992e-03 
2 1 10 47 1.8052133151010658559943e-04 
2 1 11 47 -1.1727692398308862085921e-03 
2 1 12 47 7.5816095028367999804353e-04 
2 1 13 47 1.9925873854590814109045e-04 
2 1 14 47 -6.8319902854078096068186e-04 
2 1 15 47 2.6376582903501061272422e-03 
2 1 16 47 -1.7370299827560945621352e-03 
2 1 17 47 3.3783842278634125012859e-03 
2 1 18 47 1.0741730383269967527560e-02 
2 1 19 47 2.0962139518319478775910e-03 
2 1 20 47 6.0563444382744579218281e-04 
2 1 21 47 7.4935074992549035861715e-05 
2 1 22 47 4.4654637020135744696764e-04 
2 1 23 47 -9.3243157282142663522251e-03 
2 1 24 47 3.9339610217721835902505e-03 
2 1 25 47 -4.8497059035528694050099e-04 
2 1 26 47 -1.3886751843378805290619e-02 
2 1 27 47 -3.7601652957226453649620e-03 
2 1 28 47 -1.7970179604761455944423e-03 
2 1 29 47 6.7875567919761879004392e-04 
2 1 30 47 -3.5864108213291986081150e-03 
2 1 31 47 -4.7905891559013125211713e-04 
2 1 32 47 -1.1109865251510389790035e-03 
2 1 33 47 5.0431542078165176798410e-03 
2 1 34 47 4.8541756503604916589412e-03 
2 1 35 47 1.6148315110352609320216e-03 
2 1 36 47 -1.1413609331067550017869e-02 
2 1 37 47 -1.8487640072262431778505e-03 
2 1 38 47 -6.3406849358733051447157e-04 
2 1 39 47 -1.7338718220358826163641e-03 
2 1 40 47 1.7814192217221818618361e-03 
2 1 41 47 3.0124134167353166374737e-03 
2 1 42 47 -1.1630125678068238548324e-02 
2 1 43 47 2.7486103332137405697022e-02 
2 1 44 47 -3.1767613510386809305697e-02 
2 1 45 47 5.2725801352945501909719e-02 
2 1 46 47 -1.7233468788356482576107e-02 
2 1 47 47 4.1672177677703594114722e-03 
2 1 1 48 -1.6170742927070999583883e-01 
2 1 2 48 -2.9632578777452379947821e-02 
2 1 3 48 2.9168373362967102245666e-05 
2 1 4 48 1.7242015183758942328731e-05 
2 1 5 48 -3.3936649099201750268140e-02 
2 1 6 48 -6.3204340378830272187405e-03 
2 1 7 48 7.3447453992675311093552e-03 
2 1 8 48 -1.8994657164169845980917e-02 
2 1 9 48 -7.5654938420483368310965e-03 
2 1 10 48 -4.5220746275540483908109e-04 
2 1 11 48 2.9377968682657105287115e-03 
2 1 12 48 -1.8991995951238983646181e-03 
2 1 13 48 -4.9914482591243531598574e-04 
2 1 14 48 1.7114193468568573031768e-03 
2 1 15 48 -6.6073563338575024006527e-03 
2 1 16 48 4.3512748034028091506653e-03 
2 1 17 48 -8.4628810744690075723584e-03 
2 1 18 48 -2.6908125493074357137413e-02 
2 1 19 48 -5.2510336848381172075717e-03 
2 1 20 48 -1.5171194059031584567415e-03 
2 1 21 48 -1.8771299688374949352597e-04 
2 1 22 48 -1.1186024354462142504224e-03 
2 1 23 48 2.3357489789841315991348e-02 
2 1 24 48 -9.8546056437536586752879e-03 
2 1 25 48 1.2148554320249136014020e-03 
2 1 26 48 3.4786430859909234225569e-02 
2 1 27 48 9.4192458795598014292816e-03 
2 1 28 48 4.5015451951035401201295e-03 
2 1 29 48 -1.7002887191488154708385e-03 
2 1 30 48 8.9839894509502957187230e-03 
2 1 31 48 1.2000466364233265507966e-03 
2 1 32 48 2.7830306452595659702509e-03 
2 1 33 48 -1.2633143959386744850648e-02 
2 1 34 48 -1.2159751074055353756154e-02 
2 1 35 48 -4.0451665978212267629766e-03 
2 1 36 48 2.8591187941894004309606e-02 
2 1 37 48 4.6311694800255298262726e-03 
2 1 38 48 1.5883469411324920624734e-03 
2 1 39 48 4.3433635840334893635228e-03 
2 1 40 48 -4.4624702225353873180635e-03 
2 1 41 48 -7.5461210961671699656850e-03 
2 1 42 48 2.9133563223028423327943e-02 
2 1 43 48 -6.8852921399759195453250e-02 
2 1 44 48 7.9578140621014814559686e-02 
2 1 45 48 -1.3207857848839210657133e-01 
2 1 46 48 4.3169985122720466730328e-02 
2 1 47 48 -1.0438804136265914662696e-02 
2 1 48 48 2.6149337246165495901584e-02 
2 1 1 49 3.8408319187876072131616e-02 
2 1 2 49 7.0382514221989751421193e-03 
2 1 3 49 -6.9279945878711356367250e-06 
2 1 4 49 -4.0952776557501445920013e-06 
2 1 5 49 8.0605427755978883985755e-03 
2 1 6 49 1.5012127088332169813634e-03 
2 1 7 49 -1.7445044233337730042732e-03 
2 1 8 49 4.5115605294984862522201e-03 
2 1 9 49 1.7969360072699156350567e-03 
2 1 10 49 1.0740711572447662902358e-04 
2 1 11 49 -6.9777771086036342266384e-04 
2 1 12 49 4.5109284451830559872082e-04 
2 1 13 49 1.1855555357981899429216e-04 
2 1 14 49 -4.0649177860908940152981e-04 
2 1 15 49 1.5693617306489346038822e-03 
2 1 16 49 -1.0335032365300295727900e-03 
2 1 17 49 2.0100810397029131998403e-03 
2 1 18 49 6.3911465128498202298291e-03 
2 1 19 49 1.2472115767571696071103e-03 
2 1 20 49 3.6034217259427853662090e-04 
2 1 21 49 4.4585092546481919499775e-05 
2 1 22 49 2.6568748003252622667814e-04 
2 1 23 49 -5.5478089492873626856206e-03 
2 1 24 49 2.3406397636958190845713e-03 
2 1 25 49 -2.8854923618165992773091e-04 
2 1 26 49 -8.2623806828088473819260e-03 
2 1 27 49 -2.2372342685980273375990e-03 
2 1 28 49 -1.0691950609299789420187e-03 
2 1 29 49 4.0384806147461820187428e-04 
2 1 30 49 -2.1338533175192329199854e-03 
2 1 31 49 -2.8503189042134038184637e-04 
2 1 32 49 -6.6101804855305077313760e-04 
2 1 33 49 3.0005908060439919968210e-03 
2 1 34 49 2.8881517850111401192470e-03 
2 1 35 49 9.6079722841258517491286e-04 
2 1 36 49 -6.7909030363381799044742e-03 
2 1 37 49 -1.0999830768681868528591e-03 
2 1 38 49 -3.7725994761672582535408e-04 
2 1 39 49 -1.0316241847205575091206e-03 
2 1 40 49 1.0599140772108240141081e-03 
2 1 41 49 1.7923346441105943160910e-03 
2 1 42 49 -6.9197265728396907882858e-03 
2 1 43 49 1.6353763052609007755400e-02 
2 1 44 49 -1.8901188641326470418758e-02 
2 1 45 49 3.1370953229184130039986e-02 
2 1 46 49 -1.0253620228873905687039e-02 
2 1 47 49 2.4793970383016252639896e-03 
2 1 48 49 -6.2109105584810565814369e-03 
2 1 49 49 1.4752435451931638320244e-03 
2 1 1 50 -2.5838231185700266667737e-01 
2 1 2 50 -4.7348067094611791250092e-02 
2 1 3 50 4.6606341960136409799820e-05 
2 1 4 50 2.7549950914427935550833e-05 
2 1 5 50 -5.4225275180454023116194e-02 
2 1 6 50 -1.0099031108343089341295e-02 
2 1 7 50 1.1735714956463100949735e-02 
2 1 8 50 -3.0350389299581961854990e-02 
2 1 9 50 -1.2088435256601422207456e-02 
2 1 10 50 -7.2255436992891717770671e-04 
2 1 11 50 4.6941241352555828150739e-03 
2 1 12 50 -3.0346137111219805525264e-03 
2 1 13 50 -7.9755268299145309039699e-04 
2 1 14 50 2.7345712524970105898603e-03 
2 1 15 50 -1.0557486520602640464594e-02 
2 1 16 50 6.9526332110504953862296e-03 
2 1 17 50 -1.3522314879695891340350e-02 
2 1 18 50 -4.2994831492868673672447e-02 
2 1 19 50 -8.3903023457246282690303e-03 
2 1 20 50 -2.4241113795962342808421e-03 
2 1 21 50 -2.9993500184498063723670e-04 
2 1 22 50 -1.7873457306608684768551e-03 
2 1 23 50 3.7321490040893766371166e-02 
2 1 24 50 -1.5746065596098642730416e-02 
2 1 25 50 1.9411424479302526527325e-03 
2 1 26 50 5.5583088961118465309852e-02 
2 1 27 50 1.5050431122968156022468e-02 
2 1 28 50 7.1927409871238700417306e-03 
2 1 29 50 -2.7167863100802003457901e-03 
2 1 30 50 1.4354961763562807883221e-02 
2 1 31 50 1.9174803885690988244916e-03 
2 1 32 50 4.4468327481063550307705e-03 
2 1 33 50 -2.0185720328195506240165e-02 
2 1 34 50 -1.9429315080278973526529e-02 
2 1 35 50 -6.4635218190282018799198e-03 
2 1 36 50 4.5684093009718228228788e-02 
2 1 37 50 7.3998596245386022082768e-03 
2 1 38 50 2.5379214580944597749734e-03 
2 1 39 50 6.9399923623802038316621e-03 
2 1 40 50 -7.1303055023031382958498e-03 
2 1 41 50 -1.2057480742684248062324e-02 
2 1 42 50 4.6550720966541260514848e-02 
2 1 43 50 -1.1001582975879252435103e-01 
2 1 44 50 1.2715299500877971783375e-01 
2 1 45 50 -2.1104020149555613450332e-01 
2 1 46 50 6.8978652428936665375048e-02 
2 1 47 50 -1.6679520278773889152557e-02 
2 1 48 50 4.1782339419428181359617e-02 
2 1 49 50 -9.9240303063026155672155e-03 
2 1 50 50 6.6761463649441465939560e-02 
2 1 1 51 -2.0378510291381568553248e-01 
2 1 2 51 -3.7343232422893418709364e-02 
2 1 3 51 3.6758236739090248217619e-05 
2 1 4 51 2.1728536867525390400765e-05 
2 1 5 51 -4.2767259119881974316346e-02 
2 1 6 51 -7.9650657157733888158457e-03 
2 1 7 51 9.2559117649429669544281e-03 
2 1 8 51 -2.3937231470874495431467e-02 
2 1 9 51 -9.5341008644367879892867e-03 
2 1 10 51 -5.6987576112990157885252e-04 
2 1 11 51 3.7022370576257376643958e-03 
2 1 12 51 -2.3933877787290073514692e-03 
2 1 13 51 -6.2902663270457469073260e-04 
2 1 14 51 2.1567454834996203916209e-03 
2 1 15 51 -8.3266476781928781131237e-03 
2 1 16 51 5.4835141936075849217191e-03 
2 1 17 51 -1.0664996026997438510753e-02 
2 1 18 51 -3.3909852797450318329098e-02 
2 1 19 51 -6.6173981287975663923007e-03 
2 1 20 51 -1.9118870150793059944916e-03 
2 1 21 51 -2.3655754445378506726876e-04 
2 1 22 51 -1.4096724773569207535273e-03 
2 1 23 51 2.9435310932205999145950e-02 
2 1 24 51 -1.2418859382925428319622e-02 
2 1 25 51 1.5309713372917983353200e-03 
2 1 26 51 4.3838161454683485795947e-02 
2 1 27 51 1.1870215237441288785858e-02 
2 1 28 51 5.6728862427195695175564e-03 
2 1 29 51 -2.1427185700595226432175e-03 
2 1 30 51 1.1321701316355363767241e-02 
2 1 31 51 1.5123091648160586798755e-03 
2 1 32 51 3.5071993229642416285696e-03 
2 1 33 51 -1.5920397433187478269945e-02 
2 1 34 51 -1.5323823619040008794934e-02 
2 1 35 51 -5.0977539817330524973826e-03 
2 1 36 51 3.6030862672446886674216e-02 
2 1 37 51 5.8362398892534929004117e-03 
2 1 38 51 2.0016485718764528457803e-03 
2 1 39 51 5.4735444064395429378256e-03 
2 1 40 51 -5.6236436238612979091056e-03 
2 1 41 51 -9.5096871622899498827097e-03 
2 1 42 51 3.6714368699239705029491e-02 
2 1 43 51 -8.6769047882626459955446e-02 
2 1 44 51 1.0028506203630375981373e-01 
2 1 45 51 -1.6644656854267189660668e-01 
2 1 46 51 5.4403189146579218615773e-02 
2 1 47 51 -1.3155071382928446716010e-02 
2 1 48 51 3.2953565115860235235079e-02 
2 1 49 51 -7.8270432784489744892920e-03 
2 1 50 51 5.2654466012897679916271e-02 
2 1 51 51 4.1528412735958149248905e-02 
2 1 1 52 -3.7154763419878195085388e-01 
2 1 2 52 -6.8085397125149146879686e-02 
2 1 3 52 6.7018814013248992301694e-05 
2 1 4 52 3.9616175726183267111116e-05 
2 1 5 52 -7.7974659187266245896630e-02 
2 1 6 52 -1.4522167129224728895909e-02 
2 1 7 52 1.6875679671593035724442e-02 
2 1 8 52 -4.3643139734309610577867e-02 
2 1 9 52 -1.7382883094745393837144e-02 
2 1 10 52 -1.0390160410253530647029e-03 
2 1 11 52 6.7500391360276685084885e-03 
2 1 12 52 -4.3637025187362576267303e-03 
2 1 13 52 -1.1468618358361553841163e-03 
2 1 14 52 3.9322485820105250106660e-03 
2 1 15 52 -1.5181415134912822420543e-02 
2 1 16 52 9.9977216026659269237920e-03 
2 1 17 52 -1.9444767973139494288137e-02 
2 1 18 52 -6.1825547612530278029919e-02 
2 1 19 52 -1.2065055709004342959778e-02 
2 1 20 52 -3.4858146505852656213409e-03 
2 1 21 52 -4.3129941650601642203627e-04 
2 1 22 52 -2.5701607550408845682954e-03 
2 1 23 52 5.3667417207396157785571e-02 
2 1 24 52 -2.2642468743795194502377e-02 
2 1 25 52 2.7913167855764162671173e-03 
2 1 26 52 7.9927163188973845975305e-02 
2 1 27 52 2.1642162875713001624067e-02 
2 1 28 52 1.0342990888033502458465e-02 
2 1 29 52 -3.9066742567884869125061e-03 
2 1 30 52 2.0642094437534067724593e-02 
2 1 31 52 2.7572913061249398891661e-03 
2 1 32 52 6.3944399884310436366075e-03 
2 1 33 52 -2.9026586915490374535276e-02 
2 1 34 52 -2.7938894115094918546571e-02 
2 1 35 52 -9.2943910254087731132033e-03 
2 1 36 52 6.5692641869675855170740e-02 
2 1 37 52 1.0640822574636010083848e-02 
2 1 38 52 3.6494708432505129636070e-03 
2 1 39 52 9.9795443622662793892175e-03 
2 1 40 52 -1.0253210142197139928544e-02 
2 1 41 52 -1.7338371238125746542913e-02 
2 1 42 52 6.6938832310380003143280e-02 
2 1 43 52 -1.5820015301171222454890e-01 
2 1 44 52 1.8284299005324625153612e-01 
2 1 45 52 -3.0347080271466608802911e-01 
2 1 46 52 9.9189665639249344208928e-02 
2 1 47 52 -2.3984754430770579419763e-02 
2 1 48 52 6.0082012777920509871699e-02 
2 1 49 52 -1.4270520127798471538005e-02 
2 1 50 52 9.6001336689220631570585e-02 
2 1 51 52 7.5715872872610709420904e-02 
2 1 52 52 1.3804768905449427141008e-01 
2 1 1 53 7.4854882924924270870548e-01 
2 1 2 53 1.3717014890132148141610e-01 
2 1 3 53 -1.3502132737161146166724e-04 
2 1 4 53 -7.9813836112460669340758e-05 
2 1 5 53 1.5709382720634126884285e-01 
2 1 6 53 2.9257490028569498041744e-02 
2 1 7 53 -3.3999059873434503420420e-02 
2 1 8 53 8.7926871673850201527323e-02 
2 1 9 53 3.5020911430638290706696e-02 
2 1 10 53 2.0932827166031996515838e-03 
2 1 11 53 -1.3599155068101028212557e-02 
2 1 12 53 8.7914552832124067544006e-03 
2 1 13 53 2.3105572623535130215300e-03 
2 1 14 53 -7.9222145465218940518781e-03 
2 1 15 53 3.0585662455053098940372e-02 
2 1 16 53 -2.0142189350786467161303e-02 
2 1 17 53 3.9174945448756388899358e-02 
2 1 18 53 1.2455856806314968832083e-01 
2 1 19 53 2.4307201808079093724446e-02 
2 1 20 53 7.0227939448528455337883e-03 
2 1 21 53 8.6892942810714603445871e-04 
2 1 22 53 5.1780462236016800911531e-03 
2 1 23 53 -1.0812256255137761562501e-01 
2 1 24 53 4.5617282709993399458792e-02 
2 1 25 53 -5.6236044037587919544596e-03 
2 1 26 53 -1.6102749398305821193489e-01 
2 1 27 53 -4.3601988525554330466960e-02 
2 1 28 53 -2.0837795769783864358038e-02 
2 1 29 53 7.8706905171662521619735e-03 
2 1 30 53 -4.1587172685547305062137e-02 
2 1 31 53 -5.5550540196136919887659e-03 
2 1 32 53 -1.2882737303271907594593e-02 
2 1 33 53 5.8479224876615505668287e-02 
2 1 34 53 5.6287874165747479870969e-02 
2 1 35 53 1.8725204738995197134566e-02 
2 1 36 53 -1.3234951762745048031711e-01 
2 1 37 53 -2.1437830704209837745511e-02 
2 1 38 53 -7.3525084690462408701372e-03 
2 1 39 53 -2.0105568065102510932896e-02 
2 1 40 53 2.0656916479999756081076e-02 
2 1 41 53 3.4931234374227709826854e-02 
2 1 42 53 -1.3486019004077845484524e-01 
2 1 43 53 3.1872236134493958648051e-01 
2 1 44 53 -3.6836974197379229734040e-01 
2 1 45 53 6.1139593735599906398903e-01 
2 1 46 53 -1.9983523310004988604582e-01 
2 1 47 53 4.8321556097931976647697e-02 
2 1 48 53 -1.2104590686152374989781e-01 
2 1 49 53 2.8750502361505621273796e-02 
2 1 50 53 -1.9341177703919523733767e-01 
2 1 51 53 -1.5254310020460540298082e-01 
2 1 52 53 -2.7812154658953175401237e-01 
2 1 53 53 5.6032539438830653022450e-01 
2 1 1 54 -6.6408554724635648902620e-01 
2 1 2 54 -1.2169241315927735447300e-01 
2 1 3 54 1.1978605600491540794563e-04 
2 1 4 54 7.0807959491770298596745e-05 
2 1 5 54 -1.3936798259916732822816e-01 
2 1 6 54 -2.5956190855266719069716e-02 
2 1 7 54 3.0162740758761300702284e-02 
2 1 8 54 -7.8005552092029736832579e-02 
2 1 9 54 -3.1069290637663279225356e-02 
2 1 10 54 -1.8570849942911077292557e-03 
2 1 11 54 1.2064680328894914276838e-02 
2 1 12 54 -7.7994623263195903342671e-03 
2 1 13 54 -2.0498431417616857011521e-03 
2 1 14 54 7.0283032675022933874476e-03 
2 1 15 54 -2.7134497571363790091592e-02 
2 1 16 54 1.7869424565622165496093e-02 
2 1 17 54 -3.4754599927678500592698e-02 
2 1 18 54 -1.1050387309989587181214e-01 
2 1 19 54 -2.1564473530516204552443e-02 
2 1 20 54 -6.2303697204945376539320e-03 
2 1 21 54 -7.7088287675913629015678e-04 
2 1 22 54 -4.5937760178123079879420e-03 
2 1 23 54 9.5922441284029810737444e-02 
2 1 24 54 -4.0470009394997667750982e-02 
2 1 25 54 4.9890591794679167714222e-03 
2 1 26 54 1.4285779001347237437969e-01 
2 1 27 54 3.8682113015982608206222e-02 
2 1 28 54 1.8486541514082362180904e-02 
2 1 29 54 -6.9825930052711381729180e-03 
2 1 30 54 3.6894641005847265968765e-02 
2 1 31 54 4.9282437469442483268800e-03 
2 1 32 54 1.1429100304116425815271e-02 
2 1 33 54 -5.1880661003296552058472e-02 
2 1 34 54 -4.9936573618205908065004e-02 
2 1 35 54 -1.6612326879078882779783e-02 
2 1 36 54 1.1741572280533961458726e-01 
2 1 37 54 1.9018870885580317631192e-02 
2 1 38 54 6.5228805651002573842701e-03 
2 1 39 54 1.7836935480325673275548e-02 
2 1 40 54 -1.8326071926112862814362e-02 
2 1 41 54 -3.0989732384813083176933e-02 
2 1 42 54 1.1964310089806241832466e-01 
2 1 43 54 -2.8275899377954549773762e-01 
2 1 44 54 3.2680436082303321310150e-01 
2 1 45 54 -5.4240844388252085206403e-01 
2 1 46 54 1.7728661771528755886074e-01 
2 1 47 54 -4.2869143295997537423947e-02 
2 1 48 54 1.0738756666102637626903e-01 
2 1 49 54 -2.5506409666704268901505e-02 
2 1 50 54 1.7158795896842027328688e-01 
2 1 51 54 1.3533074158915700535566e-01 
2 1 52 54 2.4673941398528023705161e-01 
2 1 53 54 -4.9710045891299620146597e-01 
2 1 54 54 4.4100965866747715571350e-01 
2 1 1 55 -2.0266636940547200218532e-01 
2 1 2 55 -3.7138226635797327856992e-02 
2 1 3 55 3.6556442444476936891491e-05 
2 1 4 55 2.1609252179804113998089e-05 
2 1 5 55 -4.2532476669383201262065e-02 
2 1 6 55 -7.9213393305522170062538e-03 
2 1 7 55 9.2050989307675672862485e-03 
2 1 8 55 -2.3805821556407015526791e-02 
2 1 9 55 -9.4817608358651103012127e-03 
2 1 10 55 -5.6674727381460709638161e-04 
2 1 11 55 3.6819126247160300670347e-03 
2 1 12 55 -2.3802486283767904443054e-03 
2 1 13 55 -6.2557342066145524978049e-04 
2 1 14 55 2.1449054451119996776709e-03 
2 1 15 55 -8.2809362908700598349121e-03 
2 1 16 55 5.4534109574814670570730e-03 
2 1 17 55 -1.0606447643178444281697e-02 
2 1 18 55 -3.3723695477581749901930e-02 
2 1 19 55 -6.5810701297494243744435e-03 
2 1 20 55 -1.9013911935626349927059e-03 
2 1 21 55 -2.3525889775239397982629e-04 
2 1 22 55 -1.4019336985472172045497e-03 
2 1 23 55 2.9273717821632325858383e-02 
2 1 24 55 -1.2350682691260933890320e-02 
2 1 25 55 1.5225666555422768654732e-03 
2 1 26 55 4.3597499995809842199268e-02 
2 1 27 55 1.1805050476388929264759e-02 
2 1 28 55 5.6417433974476150285171e-03 
2 1 29 55 -2.1309555362118586842313e-03 
2 1 30 55 1.1259547771014956699109e-02 
2 1 31 55 1.5040069341201432219501e-03 
2 1 32 55 3.4879456025159586742002e-03 
2 1 33 55 -1.5832998100164395044454e-02 
2 1 34 55 -1.5239699339524256579970e-02 
2 1 35 55 -5.0697684807559043745906e-03 
2 1 36 55 3.5833061494488324671970e-02 
2 1 37 55 5.8042002699016321046188e-03 
2 1 38 55 1.9906599799857874893982e-03 
2 1 39 55 5.4434959021603243276011e-03 
2 1 40 55 -5.5927711092807587747733e-03 
2 1 41 55 -9.4574811593473306903235e-03 
2 1 42 55 3.6512815229851593168409e-02 
2 1 43 55 -8.6292705696832838757615e-02 
2 1 44 55 9.9734520030616599650664e-02 
2 1 45 55 -1.6553281503019298681600e-01 
2 1 46 55 5.4104528107136756753803e-02 
2 1 47 55 -1.3082853056121284893165e-02 
2 1 48 55 3.2772657596186575978958e-02 
2 1 49 55 -7.7840746047737434387681e-03 
2 1 50 55 5.2365405062658042234514e-02 
2 1 51 55 4.1300386946464054394035e-02 
2 1 52 55 7.5300210084281823941232e-02 
2 1 53 55 -1.5170567354669159398917e-01 
2 1 54 55 1.3458780683504337205569e-01 
2 1 55 55 4.1073701854310210035415e-02 
2 1 1 56 8.2043896605340088656888e-02 
2 1 2 56 1.5034387970508820628335e-02 
2 1 3 56 -1.4798868681912999119635e-05 
2 1 4 56 -8.7479104316784038963221e-06 
2 1 5 56 1.7218101495901253633614e-02 
2 1 6 56 3.2067360111308158485133e-03 
2 1 7 56 -3.7264307202672956528811e-03 
2 1 8 56 9.6371310548519512756416e-03 
2 1 9 56 3.8384296710795191842625e-03 
2 1 10 56 2.2943202107873476749793e-04 
2 1 11 56 -1.4905208968764109816324e-03 
2 1 12 56 9.6357808611936075684351e-04 
2 1 13 56 2.5324616608830499567620e-04 
2 1 14 56 -8.6830588165281259380168e-04 
2 1 15 56 3.3523089343239849575984e-03 
2 1 16 56 -2.2076631956674890554237e-03 
2 1 17 56 4.2937281421348534940496e-03 
2 1 18 56 1.3652109094515356424449e-02 
2 1 19 56 2.6641649468764575653390e-03 
2 1 20 56 7.6972584523304671440258e-04 
2 1 21 56 9.5238083832760149645934e-05 
2 1 22 56 5.6753423743490535955530e-04 
2 1 23 56 -1.1850658228342554958989e-02 
2 1 24 56 4.9998336512396719666373e-03 
2 1 25 56 -6.1636916688358764446903e-04 
2 1 26 56 -1.7649246850340374881405e-02 
2 1 27 56 -4.7789494801115488253895e-03 
2 1 28 56 -2.2839043958324009402083e-03 
2 1 29 56 8.6265864533340648381138e-04 
2 1 30 56 -4.5581177374558476747546e-03 
2 1 31 56 -6.0885577516718223083786e-04 
2 1 32 56 -1.4119986913420441883293e-03 
2 1 33 56 6.4095531137906116073144e-03 
2 1 34 56 6.1693724547306882238784e-03 
2 1 35 56 2.0523561075622546480413e-03 
2 1 36 56 -1.4506027817697268733621e-02 
2 1 37 56 -2.3496705852850789664199e-03 
2 1 38 56 -8.0586385423631827062269e-04 
2 1 39 56 -2.2036493586933287441854e-03 
2 1 40 56 2.2640793140650062112429e-03 
2 1 41 56 3.8286007128890383113817e-03 
2 1 42 56 -1.4781207391612307885942e-02 
2 1 43 56 3.4933224711903583525885e-02 
2 1 44 56 -4.0374772950145854100157e-02 
2 1 45 56 6.7011400070818349927748e-02 
2 1 46 56 -2.1902727733884051058988e-02 
2 1 47 56 5.2962326536298313592321e-03 
2 1 48 56 -1.3267107607405919170174e-02 
2 1 49 56 3.1511681682329373277440e-03 
2 1 50 56 -2.1198691678630750961920e-02 
2 1 51 56 -1.6719323913175401091769e-02 
2 1 52 56 -3.0483215684112087429103e-02 
2 1 53 56 6.1413862750912116827973e-02 
2 1 54 56 -5.4484165975444802387795e-02 
2 1 55 56 -1.6627538656887323048617e-02 
2 1 56 56 6.7312455330571082864899e-03 
2 1 1 57 1.3292416731189385381562e-01 
2 1 2 57 2.4358100781541970614175e-02 
2 1 3 57 -2.3976522053124974800595e-05 
2 1 4 57 -1.4173006873286538037258e-05 
2 1 5 57 2.7896064164823184544639e-02 
2 1 6 57 5.1954225933245508362024e-03 
2 1 7 57 -6.0374107158727551708521e-03 
2 1 8 57 1.5613685767570837162332e-02 
2 1 9 57 6.2188668374396878849031e-03 
2 1 10 57 3.7171638132714061647163e-04 
2 1 11 57 -2.4148810243766363585471e-03 
2 1 12 57 1.5611498239148234763729e-03 
2 1 13 57 4.1029908554550257628046e-04 
2 1 14 57 -1.4067936929638878099796e-03 
2 1 15 57 5.4312738924451329017296e-03 
2 1 16 57 -3.5767656599940541792271e-03 
2 1 17 57 6.9565228075807424359955e-03 
2 1 18 57 2.2118589054453342140905e-02 
2 1 19 57 4.3163711354195491085028e-03 
2 1 20 57 1.2470783479265777279887e-03 
2 1 21 57 1.5430085008277984051986e-04 
2 1 22 57 9.1949577059298253593062e-04 
2 1 23 57 -1.9199952004705755914671e-02 
2 1 24 57 8.1005260877093383103942e-03 
2 1 25 57 -9.9861612690461867142266e-04 
2 1 26 57 -2.8594588242800301342017e-02 
2 1 27 57 -7.7426585834294760907204e-03 
2 1 28 57 -3.7002885357403404731347e-03 
2 1 29 57 1.3976442715366342930960e-03 
2 1 30 57 -7.3848760215746850343876e-03 
2 1 31 57 -9.8644323671633537750636e-04 
2 1 32 57 -2.2876625569690995157246e-03 
2 1 33 57 1.0384495931369183696624e-02 
2 1 34 57 9.9953650461839967100719e-03 
2 1 35 57 3.3251434648173213738664e-03 
2 1 36 57 -2.3502073261413302524003e-02 
2 1 37 57 -3.8068402273596655197019e-03 
2 1 38 57 -1.3056276727879316621600e-03 
2 1 39 57 -3.5702626054032351836376e-03 
2 1 40 57 3.6681687487100408766316e-03 
2 1 41 57 6.2029423611920592521174e-03 
2 1 42 57 -2.3947907957685921065405e-02 
2 1 43 57 5.6597382602214821312181e-02 
2 1 44 57 -6.5413556606422021411085e-02 
2 1 45 57 1.0856913095760625798114e-01 
2 1 46 57 -3.5485904087304023790672e-02 
2 1 47 57 8.5807396345456594943801e-03 
2 1 48 57 -2.1494825383962169740304e-02 
2 1 49 57 5.1053938458953977350130e-03 
2 1 50 57 -3.4345253651698590124930e-02 
2 1 51 57 -2.7087965115395323811853e-02 
2 1 52 57 -4.9387659892514187975898e-02 
2 1 53 57 9.9500229820174729278293e-02 
2 1 54 57 -8.8273018391663182757867e-02 
2 1 55 57 -2.6939258395354270803068e-02 
2 1 56 57 1.0905616639273566295665e-02 
2 1 57 57 1.7668878819518587380832e-02 
2 1 1 58 -2.2581107983338535166729e-02 
2 1 2 58 -4.1379450790477948635138e-03 
2 1 3 58 4.0731226116276539369189e-06 
2 1 4 58 2.4077051470732005637797e-06 
2 1 5 58 -4.7389729795327345876488e-03 
2 1 6 58 -8.8259645305452654340944e-04 
2 1 7 58 1.0256330814183026254455e-03 
2 1 8 58 -2.6524471168090711474530e-03 
2 1 9 58 -1.0564587796857123971894e-03 
2 1 10 58 -6.3147040251849376624876e-05 
2 1 11 58 4.1023908804952655951168e-04 
2 1 12 58 -2.6520755007365648912854e-04 
2 1 13 58 -6.9701455659262710881294e-05 
2 1 14 58 2.3898558804475854722843e-04 
2 1 15 58 -9.2266278383846124337697e-04 
2 1 16 58 6.0761961678610786237453e-04 
2 1 17 58 -1.1817715009069115154189e-03 
2 1 18 58 -3.7574976618482891152495e-03 
2 1 19 58 -7.3326351914749197946630e-04 
2 1 20 58 -2.1185320478367766511979e-04 
2 1 21 58 -2.6212570899082080004257e-05 
2 1 22 58 -1.5620359866611908754817e-04 
2 1 23 58 3.2616806880717014865967e-03 
2 1 24 58 -1.3761143515659999495698e-03 
2 1 25 58 1.6964453529366935267270e-04 
2 1 26 58 4.8576379894901431863441e-03 
2 1 27 58 1.3153199533672544057489e-03 
2 1 28 58 6.2860363683946314777157e-04 
2 1 29 58 -2.3743128773645022348317e-04 
2 1 30 58 1.2545399850275604312216e-03 
2 1 31 58 1.6757660901278376218253e-04 
2 1 32 58 3.8862726223406167261679e-04 
2 1 33 58 -1.7641142970474374320616e-03 
2 1 34 58 -1.6980088873513436448920e-03 
2 1 35 58 -5.6487413205987577029255e-04 
2 1 36 58 3.9925234431033235563135e-03 
2 1 37 58 6.4670459848729206723400e-04 
2 1 38 58 2.2179954226761238681581e-04 
2 1 39 58 6.0651488026152648551370e-04 
2 1 40 58 -6.2314713938420784530847e-04 
2 1 41 58 -1.0537535356067990847950e-03 
2 1 42 58 4.0682616750875632075091e-03 
2 1 43 58 -9.6147422546238384133410e-03 
2 1 44 58 1.1112430607424230236124e-02 
2 1 45 58 -1.8443683488019092797661e-02 
2 1 46 58 6.0283321557423486664051e-03 
2 1 47 58 -1.4576928498707725136846e-03 
2 1 48 58 3.6515329220663441528449e-03 
2 1 49 58 -8.6730240304204550983586e-04 
2 1 50 58 5.8345588850427614058258e-03 
2 1 51 58 4.6016934142879611577270e-03 
2 1 52 58 8.3899572488517915741513e-03 
2 1 53 58 -1.6903061944147295542207e-02 
2 1 54 58 1.4995787452479659648819e-02 
2 1 55 58 4.5764311721317417480659e-03 
2 1 56 58 -1.8526420886314487988800e-03 
2 1 57 58 -3.0015749756802604514272e-03 
2 1 58 58 5.0995100000178559662006e-04 
2 2 1 1 1.0077182276682084479919e-12 
2 2 2 2 1.0077182276682084479919e-12 
2 2 1 3 3.0358659134252605880159e-15 
2 2 2 3 3.0358659151705190997870e-15 
2 2 3 3 5.7537880550164901549692e+00 
2 2 3 4 2.3212232162002263199547e-15 
2 2 4 4 2.2465429891493251374733e-04 
2 2 3 5 2.3212227880542834219002e-15 
2 2 5 5 2.2465429891493251374733e-04 
2 2 6 6 2.2465429891493251374733e-04 
2 3 1 1 3.4616299282287271710246e-01 
2 3 1 2 -1.0062638798893954739100e+00 
2 3 2 2 5.4076250621947377084098e+00 
2 3 1 3 1.0454343995436644887409e-01 
2 3 2 3 -6.3853369299501339106939e-01 
2 3 3 3 7.6681030294468474628466e-02 
2 3 1 4 -5.4910463372858915685054e-04 
2 3 2 4 -1.9317816364213700672248e-03 
2 3 3 4 3.0974560948334150514358e-04 
2 3 4 4 5.8957075070463974602523e-06 
2 3 1 5 -1.9317816364213097855840e-03 
2 3 2 5 3.8681072473075038715973e-03 
2 3 3 5 -3.4786369542482104087050e-04 
2 3 4 5 5.5476909595578670952366e-06 
2 3 5 5 1.2020286334064518189236e-05 
2 3 1 6 -1.6775825763834285170306e-02 
2 3 2 6 3.5802581918583410713897e-02 
2 3 3 6 -3.3190026135789430124234e-03 
2 3 4 6 4.5033267968366457259261e-05 
2 3 5 6 1.0274303382733318925658e-04 
2 3 6 6 8.8069496334808631491514e-04 
2 4 1 1 2.8456931420862313641962e-01 
2 4 1 2 -1.3019238613935199544436e-01 
2 4 2 2 1.3827470890865473096554e-01 
2 4 1 3 1.3459026679046435237552e+00 
2 4 2 3 -6.1417273808756822628396e-01 
2 4 3 3 6.3656605390843816749680e+00 
2 4 1 4 3.0826590808089096573674e-02 
2 4 2 4 -3.8714347927221962053501e-02 
2 4 3 4 1.4530145221215398643189e-01 
2 4 4 4 1.1034624551098557235229e-02 
2 4 1 5 7.7818792003776990351405e-02 
2 4 2 5 -3.5615728647904139336777e-02 
2 4 3 5 3.6805224125128915835248e-01 
2 4 4 5 8.4339895620670398551644e-03 
2 4 5 5 2.1280465673907931339892e-02 
2 4 1 6 1.0098142921098126213036e-03 
2 4 2 6 1.8815340593812798688361e-04 
2 4 3 6 4.7891378398117172981996e-03 
2 4 4 6 -9.3895991794048887235657e-05 
2 4 5 6 2.7603722822724707829448e-04 
2 4 6 6 8.9604088654365744156605e-06 
2 5 1 1 2.7905824900124640564059e+00 
2 5 1 2 -1.7290348515503690673967e+00 
2 5 2 2 3.8596473632802967834721e+00 
2 5 1 3 7.0678978024722516337874e-01 
2 5 2 3 -1.4235243486267654677846e+00 
2 5 3 3 5.2739707729428575433417e-01 
2 5 1 4 -6.1860502770686512374887e-02 
2 5 2 4 1.2790253043447397107713e-01 
2 5 3 4 -4.7329821584570219705768e-02 
2 5 4 4 4.2488366123465490936661e-03 
2 5 1 5 -2.7129979342106928102973e-02 
2 5 2 5 2.0486848931678309365667e-02 
2 5 3 5 -8.1711915762424005421627e-03 
2 5 4 5 7.1953530140008293940201e-04 
2 5 5 5 2.6862071022909175159812e-04 
2 5 1 6 1.7787206185423407034385e-01 
2 5 2 6 -9.9805753981721437306796e-02 
2 5 3 6 4.1373653839008379951014e-02 
2 5 4 6 -3.6088009493557295613575e-03 
2 5 5 6 -1.7155486852176936828085e-03 
2 5 6 6 1.1376414154075548818001e-02 
2 6 1 1 2.2657137001246341334593e+00 
2 6 1 2 1.5440632979907318311774e+00 
2 6 2 2 1.0522658671822351372782e+00 
2 6 1 3 -6.1904953426769884217151e+00 
2 6 2 3 -4.2187683079522972917630e+00 
2 6 3 3 1.6913994403226773499682e+01 
2 6 1 4 -5.8294292618774712355645e-01 
2 6 2 4 -3.9727055328613969376050e-01 
2 6 3 4 1.5927466328721044952488e+00 
2 6 4 4 1.4998483975851056859696e-01 
2 6 1 5 5.0898634186591640293784e-01 
2 6 2 5 3.4686956748121255955652e-01 
2 6 3 5 -1.3906777326196386734836e+00 
2 6 4 5 -1.3095652302572569070094e-01 
2 6 5 5 1.1434239481570443452974e-01 
2 6 1 6 -8.6402559890697269717741e-02 
2 6 2 6 -5.8882559160525371755313e-02 
2 6 3 6 2.3607335870653170517564e-01 
2 6 4 6 2.2230417240516133631223e-02 
2 6 5 6 -1.9410097084965001468237e-02 
2 6 6 6 3.2949602518426352772141e-03 
2 7 1 1 8.9563624437542515011046e+00 
2 7 1 2 -9.5689040705834429445531e+00 
2 7 2 2 1.0223345659597411483333e+01 
2 7 1 3 -3.6940206179274227338283e+01 
2 7 2 3 3.9466626295488339337680e+01 
2 7 3 3 1.5235864190154444486325e+02 
2 7 1 4 -1.6837281225820738272958e-01 
2 7 2 4 1.7988793130518271334850e-01 
2 7 3 4 6.9444785849000811861487e-01 
2 7 4 4 3.1653121833267578409676e-03 
2 7 1 5 -1.4992612614576332763505e+00 
2 7 2 5 1.6017991926701309335357e+00 
2 7 3 5 6.1836535464515263171847e+00 
2 7 4 5 2.8184975196538071540164e-02 
2 7 5 5 2.5097083515946366771843e-01 
2 7 1 6 3.4754216565731205212941e-01 
2 7 2 6 -3.7131160783996819407804e-01 
2 7 3 6 -1.4334263804119027341244e+00 
2 7 4 6 -6.5335173283781258768421e-03 
2 7 5 6 -5.8177291275917461521594e-02 
2 7 6 6 1.3486046071183550171257e-02 
2 8 1 1 4.1179075061996783801987e+01 
2 8 1 2 -7.0335513546860141786965e+01 
2 8 2 2 1.2013592928330902509515e+02 
2 8 1 3 -1.3048541511525911573699e+02 
2 8 2 3 2.2287454890392535844512e+02 
2 8 3 3 4.1347432046586970955104e+02 
2 8 1 4 1.1411389155996534139348e+00 
2 8 2 4 -1.9491130342907263539587e+00 
2 8 3 4 -3.6159723295379877505695e+00 
2 8 4 4 3.1623325532495964729218e-02 
2 8 1 5 -3.1380822853344620959604e+00 
2 8 2 5 5.3599758322011181732591e+00 
2 8 3 5 9.9437659573753744979285e+00 
2 8 4 5 -8.6961585689749876237897e-02 
2 8 5 5 2.3914099054665002852538e-01 
2 8 1 6 2.0516444226112868776113e+00 
2 8 2 6 -3.5042922020741031907676e+00 
2 8 3 6 -6.5011147478007584865622e+00 
2 8 4 6 5.6854439117320049179582e-02 
2 8 5 6 -1.5634722816995369476523e-01 
2 8 6 6 1.0221850812500431204821e-01 
2 9 1 1 1.1655509539827661328785e-06 
2 10 1 1 1.9409425419336109052852e-07 
2 11 1 1 2.5805784148808169168544e-07 
2 12 1 1 3.0072967281322166334604e-07 
2 13 1 1 4.1187770276108798985960e-07 
2 14 1 1 2.6855301996904825387932e-07 
2 15 1 1 2.4681481808767859881248e-02 
2 16 1 1 1.5313875417328794588921e-07 
2 17 1 1 6.8150731593717929590294e-07 
2 18 1 1 2.4086512537960677202844e-07 
2 19 1 1 5.8348766365974521289761e-07 
2 20 1 1 1.8964615490826628819194e-07 
2 21 1 1 1.0855556278653761933986e-06 
2 22 1 1 2.2202463171171187952483e-07 
2 23 1 1 2.2465429891493243243217e-04 
2 24 1 1 4.4571595422646761331219e-09 
2 25 1 1 9.8920342538510736781529e-09 
2 26 1 1 8.1107232228335449912991e-09 
2 27 1 1 6.7788161579566320928664e-09 
2 28 1 1 1.3009928100099343340147e-08 
2 29 1 1 1.4206966114197685227990e-08 
2 30 1 1 6.4937698324489656773143e-09 
2 31 1 1 1.5106974876774265087626e-08 
2 32 1 1 6.3216546140848974967318e-09 
2 33 1 1 1.6327379979690429556430e-08 
2 34 1 1 6.1299581629054419867180e-09 
2 35 1 1 4.2842822652030624280429e-07 
2 36 1 1 4.5039565903416807396069e-09 
2 37 1 1 8.9861273650019082587931e-04 
